{"/home/runner/work/LastApple/LastApple/LastApple.Web/ClientApp/src/App.tsx": {"path":"/home/runner/work/LastApple/LastApple/LastApple.Web/ClientApp/src/App.tsx","statementMap":{"0":{"start":{"line":11,"column":44},"end":{"line":36,"column":1}},"1":{"start":{"line":12,"column":4},"end":{"line":12,"column":41}},"2":{"start":{"line":13,"column":4},"end":{"line":13,"column":42}},"3":{"start":{"line":15,"column":4},"end":{"line":35,"column":5}},"4":{"start":{"line":22,"column":38},"end":{"line":26,"column":26}},"5":{"start":{"line":28,"column":42},"end":{"line":28,"column":76}},"6":{"start":{"line":30,"column":24},"end":{"line":30,"column":89}}},"fnMap":{"0":{"name":"(anonymous_0)","decl":{"start":{"line":11,"column":44},"end":{"line":11,"column":45}},"loc":{"start":{"line":11,"column":50},"end":{"line":36,"column":1}},"line":11},"1":{"name":"(anonymous_1)","decl":{"start":{"line":21,"column":31},"end":{"line":21,"column":32}},"loc":{"start":{"line":21,"column":63},"end":{"line":31,"column":21}},"line":21}},"branchMap":{"0":{"loc":{"start":{"line":28,"column":42},"end":{"line":28,"column":76}},"type":"binary-expr","locations":[{"start":{"line":28,"column":42},"end":{"line":28,"column":47}},{"start":{"line":28,"column":51},"end":{"line":28,"column":76}}],"line":28}},"s":{"0":0,"1":0,"2":0,"3":0,"4":0,"5":0,"6":0},"f":{"0":0,"1":0},"b":{"0":[0,0]}}
,"/home/runner/work/LastApple/LastApple/LastApple.Web/ClientApp/src/AppContext.tsx": {"path":"/home/runner/work/LastApple/LastApple/LastApple.Web/ClientApp/src/AppContext.tsx","statementMap":{"0":{"start":{"line":9,"column":26},"end":{"line":9,"column":81}},"1":{"start":{"line":11,"column":29},"end":{"line":15,"column":1}},"2":{"start":{"line":12,"column":20},"end":{"line":12,"column":48}},"3":{"start":{"line":13,"column":4},"end":{"line":13,"column":31}},"4":{"start":{"line":14,"column":4},"end":{"line":14,"column":19}},"5":{"start":{"line":20,"column":4},"end":{"line":38,"column":5}},"6":{"start":{"line":21,"column":55},"end":{"line":21,"column":100}},"7":{"start":{"line":23,"column":35},"end":{"line":26,"column":9}},"8":{"start":{"line":24,"column":43},"end":{"line":24,"column":69}},"9":{"start":{"line":28,"column":22},"end":{"line":31,"column":9}},"10":{"start":{"line":33,"column":8},"end":{"line":37,"column":10}}},"fnMap":{"0":{"name":"(anonymous_0)","decl":{"start":{"line":11,"column":29},"end":{"line":11,"column":30}},"loc":{"start":{"line":11,"column":35},"end":{"line":15,"column":1}},"line":11},"1":{"name":"(anonymous_1)","decl":{"start":{"line":20,"column":4},"end":{"line":20,"column":5}},"loc":{"start":{"line":20,"column":66},"end":{"line":38,"column":5}},"line":20},"2":{"name":"(anonymous_2)","decl":{"start":{"line":24,"column":12},"end":{"line":24,"column":13}},"loc":{"start":{"line":24,"column":43},"end":{"line":24,"column":69}},"line":24}},"branchMap":{},"s":{"0":0,"1":0,"2":0,"3":0,"4":0,"5":0,"6":0,"7":0,"8":0,"9":0,"10":0},"f":{"0":0,"1":0,"2":0},"b":{}}
,"/home/runner/work/LastApple/LastApple/LastApple.Web/ClientApp/src/Environment.ts": {"path":"/home/runner/work/LastApple/LastApple/LastApple.Web/ClientApp/src/Environment.ts","statementMap":{"0":{"start":{"line":2,"column":14},"end":{"line":2,"column":51}},"1":{"start":{"line":3,"column":17},"end":{"line":3,"column":40}},"2":{"start":{"line":6,"column":20},"end":{"line":6,"column":37}}},"fnMap":{},"branchMap":{},"s":{"0":0,"1":0,"2":0},"f":{},"b":{}}
,"/home/runner/work/LastApple/LastApple/LastApple.Web/ClientApp/src/MediaSessionManager.ts": {"path":"/home/runner/work/LastApple/LastApple/LastApple.Web/ClientApp/src/MediaSessionManager.ts","statementMap":{"0":{"start":{"line":7,"column":8},"end":{"line":8,"column":19}},"1":{"start":{"line":8,"column":12},"end":{"line":8,"column":19}},"2":{"start":{"line":10,"column":8},"end":{"line":19,"column":11}},"3":{"start":{"line":23,"column":8},"end":{"line":24,"column":19}},"4":{"start":{"line":24,"column":12},"end":{"line":24,"column":19}},"5":{"start":{"line":26,"column":8},"end":{"line":26,"column":70}},"6":{"start":{"line":30,"column":8},"end":{"line":31,"column":19}},"7":{"start":{"line":31,"column":12},"end":{"line":31,"column":19}},"8":{"start":{"line":33,"column":8},"end":{"line":33,"column":74}},"9":{"start":{"line":37,"column":24},"end":{"line":37,"column":49}}},"fnMap":{"0":{"name":"(anonymous_0)","decl":{"start":{"line":6,"column":4},"end":{"line":6,"column":5}},"loc":{"start":{"line":6,"column":46},"end":{"line":20,"column":5}},"line":6},"1":{"name":"(anonymous_1)","decl":{"start":{"line":22,"column":4},"end":{"line":22,"column":5}},"loc":{"start":{"line":22,"column":40},"end":{"line":27,"column":5}},"line":22},"2":{"name":"(anonymous_2)","decl":{"start":{"line":29,"column":4},"end":{"line":29,"column":5}},"loc":{"start":{"line":29,"column":40},"end":{"line":34,"column":5}},"line":29}},"branchMap":{"0":{"loc":{"start":{"line":7,"column":8},"end":{"line":8,"column":19}},"type":"if","locations":[{"start":{"line":7,"column":8},"end":{"line":8,"column":19}},{"start":{},"end":{}}],"line":7},"1":{"loc":{"start":{"line":23,"column":8},"end":{"line":24,"column":19}},"type":"if","locations":[{"start":{"line":23,"column":8},"end":{"line":24,"column":19}},{"start":{},"end":{}}],"line":23},"2":{"loc":{"start":{"line":30,"column":8},"end":{"line":31,"column":19}},"type":"if","locations":[{"start":{"line":30,"column":8},"end":{"line":31,"column":19}},{"start":{},"end":{}}],"line":30}},"s":{"0":0,"1":0,"2":0,"3":0,"4":0,"5":0,"6":0,"7":0,"8":0,"9":0},"f":{"0":0,"1":0,"2":0},"b":{"0":[0,0],"1":[0,0],"2":[0,0]}}
,"/home/runner/work/LastApple/LastApple/LastApple.Web/ClientApp/src/authentication.ts": {"path":"/home/runner/work/LastApple/LastApple/LastApple.Web/ClientApp/src/authentication.ts","statementMap":{},"fnMap":{},"branchMap":{},"s":{},"f":{},"b":{}}
,"/home/runner/work/LastApple/LastApple/LastApple.Web/ClientApp/src/index.tsx": {"path":"/home/runner/work/LastApple/LastApple/LastApple.Web/ClientApp/src/index.tsx","statementMap":{"0":{"start":{"line":13,"column":20},"end":{"line":13,"column":51}},"1":{"start":{"line":14,"column":0},"end":{"line":14,"column":31}},"2":{"start":{"line":16,"column":13},"end":{"line":16,"column":45}},"3":{"start":{"line":17,"column":0},"end":{"line":25,"column":2}},"4":{"start":{"line":27,"column":0},"end":{"line":27,"column":24}}},"fnMap":{},"branchMap":{},"s":{"0":0,"1":0,"2":0,"3":0,"4":0},"f":{},"b":{}}
,"/home/runner/work/LastApple/LastApple/LastApple.Web/ClientApp/src/musicKit.ts": {"path":"/home/runner/work/LastApple/LastApple/LastApple.Web/ClientApp/src/musicKit.ts","statementMap":{"0":{"start":{"line":7,"column":23},"end":{"line":7,"column":47}},"1":{"start":{"line":10,"column":8},"end":{"line":11,"column":46}},"2":{"start":{"line":11,"column":12},"end":{"line":11,"column":46}},"3":{"start":{"line":13,"column":22},"end":{"line":13,"column":26}},"4":{"start":{"line":14,"column":8},"end":{"line":14,"column":88}},"5":{"start":{"line":14,"column":75},"end":{"line":14,"column":86}},"6":{"start":{"line":16,"column":22},"end":{"line":16,"column":61}},"7":{"start":{"line":18,"column":25},"end":{"line":25,"column":10}},"8":{"start":{"line":27,"column":8},"end":{"line":27,"column":33}},"9":{"start":{"line":28,"column":8},"end":{"line":28,"column":26}},"10":{"start":{"line":30,"column":8},"end":{"line":30,"column":42}},"11":{"start":{"line":34,"column":8},"end":{"line":34,"column":85}},"12":{"start":{"line":38,"column":17},"end":{"line":38,"column":34}}},"fnMap":{"0":{"name":"(anonymous_0)","decl":{"start":{"line":9,"column":4},"end":{"line":9,"column":5}},"loc":{"start":{"line":9,"column":24},"end":{"line":31,"column":5}},"line":9},"1":{"name":"(anonymous_1)","decl":{"start":{"line":14,"column":70},"end":{"line":14,"column":71}},"loc":{"start":{"line":14,"column":75},"end":{"line":14,"column":86}},"line":14},"2":{"name":"(anonymous_2)","decl":{"start":{"line":33,"column":4},"end":{"line":33,"column":5}},"loc":{"start":{"line":33,"column":44},"end":{"line":35,"column":5}},"line":33}},"branchMap":{"0":{"loc":{"start":{"line":10,"column":8},"end":{"line":11,"column":46}},"type":"if","locations":[{"start":{"line":10,"column":8},"end":{"line":11,"column":46}},{"start":{},"end":{}}],"line":10},"1":{"loc":{"start":{"line":34,"column":45},"end":{"line":34,"column":83}},"type":"cond-expr","locations":[{"start":{"line":34,"column":72},"end":{"line":34,"column":79}},{"start":{"line":34,"column":82},"end":{"line":34,"column":83}}],"line":34}},"s":{"0":0,"1":0,"2":0,"3":0,"4":0,"5":0,"6":0,"7":0,"8":0,"9":0,"10":0,"11":0,"12":0},"f":{"0":0,"1":0,"2":0},"b":{"0":[0,0],"1":[0,0]}}
,"/home/runner/work/LastApple/LastApple/LastApple.Web/ClientApp/src/musicKitEnums.ts": {"path":"/home/runner/work/LastApple/LastApple/LastApple.Web/ClientApp/src/musicKitEnums.ts","statementMap":{},"fnMap":{},"branchMap":{},"s":{},"f":{},"b":{}}
,"/home/runner/work/LastApple/LastApple/LastApple.Web/ClientApp/src/registerServiceWorker.js": {"path":"/home/runner/work/LastApple/LastApple/LastApple.Web/ClientApp/src/registerServiceWorker.js","statementMap":{"0":{"start":{"line":11,"column":20},"end":{"line":19,"column":1}},"1":{"start":{"line":22,"column":2},"end":{"line":43,"column":3}},"2":{"start":{"line":24,"column":22},"end":{"line":24,"column":70}},"3":{"start":{"line":25,"column":4},"end":{"line":30,"column":5}},"4":{"start":{"line":29,"column":6},"end":{"line":29,"column":13}},"5":{"start":{"line":32,"column":4},"end":{"line":42,"column":7}},"6":{"start":{"line":33,"column":20},"end":{"line":33,"column":65}},"7":{"start":{"line":35,"column":6},"end":{"line":41,"column":7}},"8":{"start":{"line":37,"column":8},"end":{"line":37,"column":39}},"9":{"start":{"line":40,"column":8},"end":{"line":40,"column":31}},"10":{"start":{"line":47,"column":2},"end":{"line":72,"column":7}},"11":{"start":{"line":50,"column":6},"end":{"line":68,"column":8}},"12":{"start":{"line":51,"column":33},"end":{"line":51,"column":56}},"13":{"start":{"line":52,"column":8},"end":{"line":67,"column":10}},"14":{"start":{"line":53,"column":10},"end":{"line":66,"column":11}},"15":{"start":{"line":54,"column":12},"end":{"line":65,"column":13}},"16":{"start":{"line":59,"column":14},"end":{"line":59,"column":71}},"17":{"start":{"line":64,"column":14},"end":{"line":64,"column":64}},"18":{"start":{"line":71,"column":6},"end":{"line":71,"column":72}},"19":{"start":{"line":77,"column":2},"end":{"line":99,"column":7}},"20":{"start":{"line":80,"column":6},"end":{"line":93,"column":7}},"21":{"start":{"line":85,"column":8},"end":{"line":89,"column":11}},"22":{"start":{"line":86,"column":10},"end":{"line":88,"column":13}},"23":{"start":{"line":87,"column":12},"end":{"line":87,"column":37}},"24":{"start":{"line":92,"column":8},"end":{"line":92,"column":31}},"25":{"start":{"line":96,"column":6},"end":{"line":98,"column":8}},"26":{"start":{"line":103,"column":2},"end":{"line":107,"column":3}},"27":{"start":{"line":104,"column":4},"end":{"line":106,"column":7}},"28":{"start":{"line":105,"column":6},"end":{"line":105,"column":32}}},"fnMap":{"0":{"name":"register","decl":{"start":{"line":21,"column":24},"end":{"line":21,"column":32}},"loc":{"start":{"line":21,"column":35},"end":{"line":44,"column":1}},"line":21},"1":{"name":"(anonymous_1)","decl":{"start":{"line":32,"column":36},"end":{"line":32,"column":37}},"loc":{"start":{"line":32,"column":42},"end":{"line":42,"column":5}},"line":32},"2":{"name":"registerValidSW","decl":{"start":{"line":46,"column":9},"end":{"line":46,"column":24}},"loc":{"start":{"line":46,"column":32},"end":{"line":73,"column":1}},"line":46},"3":{"name":"(anonymous_3)","decl":{"start":{"line":49,"column":10},"end":{"line":49,"column":11}},"loc":{"start":{"line":49,"column":26},"end":{"line":69,"column":5}},"line":49},"4":{"name":"(anonymous_4)","decl":{"start":{"line":50,"column":35},"end":{"line":50,"column":36}},"loc":{"start":{"line":50,"column":41},"end":{"line":68,"column":7}},"line":50},"5":{"name":"(anonymous_5)","decl":{"start":{"line":52,"column":41},"end":{"line":52,"column":42}},"loc":{"start":{"line":52,"column":47},"end":{"line":67,"column":9}},"line":52},"6":{"name":"(anonymous_6)","decl":{"start":{"line":70,"column":11},"end":{"line":70,"column":12}},"loc":{"start":{"line":70,"column":20},"end":{"line":72,"column":5}},"line":70},"7":{"name":"checkValidServiceWorker","decl":{"start":{"line":75,"column":9},"end":{"line":75,"column":32}},"loc":{"start":{"line":75,"column":40},"end":{"line":100,"column":1}},"line":75},"8":{"name":"(anonymous_8)","decl":{"start":{"line":78,"column":10},"end":{"line":78,"column":11}},"loc":{"start":{"line":78,"column":22},"end":{"line":94,"column":5}},"line":78},"9":{"name":"(anonymous_9)","decl":{"start":{"line":85,"column":43},"end":{"line":85,"column":44}},"loc":{"start":{"line":85,"column":59},"end":{"line":89,"column":9}},"line":85},"10":{"name":"(anonymous_10)","decl":{"start":{"line":86,"column":41},"end":{"line":86,"column":42}},"loc":{"start":{"line":86,"column":47},"end":{"line":88,"column":11}},"line":86},"11":{"name":"(anonymous_11)","decl":{"start":{"line":95,"column":11},"end":{"line":95,"column":12}},"loc":{"start":{"line":95,"column":17},"end":{"line":99,"column":5}},"line":95},"12":{"name":"unregister","decl":{"start":{"line":102,"column":16},"end":{"line":102,"column":26}},"loc":{"start":{"line":102,"column":29},"end":{"line":108,"column":1}},"line":102},"13":{"name":"(anonymous_13)","decl":{"start":{"line":104,"column":39},"end":{"line":104,"column":40}},"loc":{"start":{"line":104,"column":55},"end":{"line":106,"column":5}},"line":104}},"branchMap":{"0":{"loc":{"start":{"line":12,"column":2},"end":{"line":18,"column":5}},"type":"binary-expr","locations":[{"start":{"line":12,"column":2},"end":{"line":12,"column":42}},{"start":{"line":14,"column":4},"end":{"line":14,"column":40}},{"start":{"line":16,"column":4},"end":{"line":18,"column":5}}],"line":12},"1":{"loc":{"start":{"line":22,"column":2},"end":{"line":43,"column":3}},"type":"if","locations":[{"start":{"line":22,"column":2},"end":{"line":43,"column":3}},{"start":{},"end":{}}],"line":22},"2":{"loc":{"start":{"line":22,"column":6},"end":{"line":22,"column":75}},"type":"binary-expr","locations":[{"start":{"line":22,"column":6},"end":{"line":22,"column":43}},{"start":{"line":22,"column":47},"end":{"line":22,"column":75}}],"line":22},"3":{"loc":{"start":{"line":25,"column":4},"end":{"line":30,"column":5}},"type":"if","locations":[{"start":{"line":25,"column":4},"end":{"line":30,"column":5}},{"start":{},"end":{}}],"line":25},"4":{"loc":{"start":{"line":35,"column":6},"end":{"line":41,"column":7}},"type":"if","locations":[{"start":{"line":35,"column":6},"end":{"line":41,"column":7}},{"start":{"line":38,"column":13},"end":{"line":41,"column":7}}],"line":35},"5":{"loc":{"start":{"line":53,"column":10},"end":{"line":66,"column":11}},"type":"if","locations":[{"start":{"line":53,"column":10},"end":{"line":66,"column":11}},{"start":{},"end":{}}],"line":53},"6":{"loc":{"start":{"line":54,"column":12},"end":{"line":65,"column":13}},"type":"if","locations":[{"start":{"line":54,"column":12},"end":{"line":65,"column":13}},{"start":{"line":60,"column":19},"end":{"line":65,"column":13}}],"line":54},"7":{"loc":{"start":{"line":80,"column":6},"end":{"line":93,"column":7}},"type":"if","locations":[{"start":{"line":80,"column":6},"end":{"line":93,"column":7}},{"start":{"line":90,"column":13},"end":{"line":93,"column":7}}],"line":80},"8":{"loc":{"start":{"line":81,"column":8},"end":{"line":82,"column":73}},"type":"binary-expr","locations":[{"start":{"line":81,"column":8},"end":{"line":81,"column":31}},{"start":{"line":82,"column":8},"end":{"line":82,"column":73}}],"line":81},"9":{"loc":{"start":{"line":103,"column":2},"end":{"line":107,"column":3}},"type":"if","locations":[{"start":{"line":103,"column":2},"end":{"line":107,"column":3}},{"start":{},"end":{}}],"line":103}},"s":{"0":0,"1":0,"2":0,"3":0,"4":0,"5":0,"6":0,"7":0,"8":0,"9":0,"10":0,"11":0,"12":0,"13":0,"14":0,"15":0,"16":0,"17":0,"18":0,"19":0,"20":0,"21":0,"22":0,"23":0,"24":0,"25":0,"26":0,"27":0,"28":0},"f":{"0":0,"1":0,"2":0,"3":0,"4":0,"5":0,"6":0,"7":0,"8":0,"9":0,"10":0,"11":0,"12":0,"13":0},"b":{"0":[0,0,0],"1":[0,0],"2":[0,0],"3":[0,0],"4":[0,0],"5":[0,0],"6":[0,0],"7":[0,0],"8":[0,0],"9":[0,0]}}
,"/home/runner/work/LastApple/LastApple/LastApple.Web/ClientApp/src/routes.ts": {"path":"/home/runner/work/LastApple/LastApple/LastApple.Web/ClientApp/src/routes.ts","statementMap":{"0":{"start":{"line":1,"column":25},"end":{"line":1,"column":28}},"1":{"start":{"line":3,"column":28},"end":{"line":3,"column":49}},"2":{"start":{"line":5,"column":29},"end":{"line":5,"column":40}}},"fnMap":{},"branchMap":{},"s":{"0":0,"1":0,"2":0},"f":{},"b":{}}
,"/home/runner/work/LastApple/LastApple/LastApple.Web/ClientApp/src/apple/AppleAuthService.ts": {"path":"/home/runner/work/LastApple/LastApple/LastApple.Web/ClientApp/src/apple/AppleAuthService.ts","statementMap":{"0":{"start":{"line":8,"column":20},"end":{"line":8,"column":48}},"1":{"start":{"line":10,"column":8},"end":{"line":11,"column":24}},"2":{"start":{"line":11,"column":12},"end":{"line":11,"column":24}},"3":{"start":{"line":13,"column":8},"end":{"line":14,"column":55}},"4":{"start":{"line":14,"column":12},"end":{"line":14,"column":55}},"5":{"start":{"line":16,"column":22},"end":{"line":16,"column":26}},"6":{"start":{"line":17,"column":8},"end":{"line":17,"column":79}},"7":{"start":{"line":17,"column":66},"end":{"line":17,"column":77}},"8":{"start":{"line":19,"column":8},"end":{"line":19,"column":50}},"9":{"start":{"line":21,"column":8},"end":{"line":21,"column":34}},"10":{"start":{"line":23,"column":8},"end":{"line":23,"column":32}},"11":{"start":{"line":27,"column":20},"end":{"line":27,"column":48}},"12":{"start":{"line":29,"column":26},"end":{"line":29,"column":57}},"13":{"start":{"line":31,"column":8},"end":{"line":38,"column":9}},"14":{"start":{"line":33,"column":12},"end":{"line":33,"column":60}},"15":{"start":{"line":35,"column":12},"end":{"line":35,"column":61}},"16":{"start":{"line":37,"column":12},"end":{"line":37,"column":99}},"17":{"start":{"line":42,"column":20},"end":{"line":42,"column":48}},"18":{"start":{"line":44,"column":8},"end":{"line":44,"column":30}},"19":{"start":{"line":46,"column":28},"end":{"line":49,"column":10}},"20":{"start":{"line":51,"column":8},"end":{"line":51,"column":58}},"21":{"start":{"line":55,"column":20},"end":{"line":55,"column":48}},"22":{"start":{"line":57,"column":8},"end":{"line":57,"column":32}},"23":{"start":{"line":59,"column":8},"end":{"line":59,"column":43}},"24":{"start":{"line":63,"column":20},"end":{"line":63,"column":42}}},"fnMap":{"0":{"name":"(anonymous_0)","decl":{"start":{"line":7,"column":4},"end":{"line":7,"column":5}},"loc":{"start":{"line":7,"column":28},"end":{"line":24,"column":5}},"line":7},"1":{"name":"(anonymous_1)","decl":{"start":{"line":17,"column":61},"end":{"line":17,"column":62}},"loc":{"start":{"line":17,"column":66},"end":{"line":17,"column":77}},"line":17},"2":{"name":"(anonymous_2)","decl":{"start":{"line":26,"column":4},"end":{"line":26,"column":5}},"loc":{"start":{"line":26,"column":49},"end":{"line":39,"column":5}},"line":26},"3":{"name":"(anonymous_3)","decl":{"start":{"line":41,"column":4},"end":{"line":41,"column":5}},"loc":{"start":{"line":41,"column":25},"end":{"line":52,"column":5}},"line":41},"4":{"name":"(anonymous_4)","decl":{"start":{"line":54,"column":4},"end":{"line":54,"column":5}},"loc":{"start":{"line":54,"column":19},"end":{"line":60,"column":5}},"line":54}},"branchMap":{"0":{"loc":{"start":{"line":10,"column":8},"end":{"line":11,"column":24}},"type":"if","locations":[{"start":{"line":10,"column":8},"end":{"line":11,"column":24}},{"start":{},"end":{}}],"line":10},"1":{"loc":{"start":{"line":13,"column":8},"end":{"line":14,"column":55}},"type":"if","locations":[{"start":{"line":13,"column":8},"end":{"line":14,"column":55}},{"start":{},"end":{}}],"line":13},"2":{"loc":{"start":{"line":31,"column":8},"end":{"line":38,"column":9}},"type":"if","locations":[{"start":{"line":31,"column":8},"end":{"line":38,"column":9}},{"start":{},"end":{}}],"line":31},"3":{"loc":{"start":{"line":31,"column":12},"end":{"line":31,"column":53}},"type":"binary-expr","locations":[{"start":{"line":31,"column":12},"end":{"line":31,"column":23}},{"start":{"line":31,"column":27},"end":{"line":31,"column":53}}],"line":31}},"s":{"0":0,"1":0,"2":0,"3":0,"4":0,"5":0,"6":0,"7":0,"8":0,"9":0,"10":0,"11":0,"12":0,"13":0,"14":0,"15":0,"16":0,"17":0,"18":0,"19":0,"20":0,"21":0,"22":0,"23":0,"24":0},"f":{"0":0,"1":0,"2":0,"3":0,"4":0},"b":{"0":[0,0],"1":[0,0],"2":[0,0],"3":[0,0]}}
,"/home/runner/work/LastApple/LastApple/LastApple.Web/ClientApp/src/apple/AppleContext.tsx": {"path":"/home/runner/work/LastApple/LastApple/LastApple.Web/ClientApp/src/apple/AppleContext.tsx","statementMap":{"0":{"start":{"line":10,"column":21},"end":{"line":10,"column":78}},"1":{"start":{"line":12,"column":31},"end":{"line":16,"column":1}},"2":{"start":{"line":13,"column":20},"end":{"line":13,"column":50}},"3":{"start":{"line":14,"column":4},"end":{"line":14,"column":31}},"4":{"start":{"line":15,"column":4},"end":{"line":15,"column":19}},"5":{"start":{"line":21,"column":4},"end":{"line":41,"column":5}},"6":{"start":{"line":22,"column":35},"end":{"line":22,"column":99}},"7":{"start":{"line":24,"column":25},"end":{"line":27,"column":9}},"8":{"start":{"line":25,"column":44},"end":{"line":25,"column":60}},"9":{"start":{"line":29,"column":22},"end":{"line":34,"column":9}},"10":{"start":{"line":36,"column":8},"end":{"line":40,"column":9}}},"fnMap":{"0":{"name":"(anonymous_0)","decl":{"start":{"line":12,"column":31},"end":{"line":12,"column":32}},"loc":{"start":{"line":12,"column":37},"end":{"line":16,"column":1}},"line":12},"1":{"name":"(anonymous_1)","decl":{"start":{"line":21,"column":4},"end":{"line":21,"column":5}},"loc":{"start":{"line":21,"column":68},"end":{"line":41,"column":5}},"line":21},"2":{"name":"(anonymous_2)","decl":{"start":{"line":25,"column":12},"end":{"line":25,"column":13}},"loc":{"start":{"line":25,"column":44},"end":{"line":25,"column":60}},"line":25}},"branchMap":{},"s":{"0":0,"1":0,"2":0,"3":0,"4":0,"5":0,"6":0,"7":0,"8":0,"9":0,"10":0},"f":{"0":0,"1":0,"2":0},"b":{}}
,"/home/runner/work/LastApple/LastApple/LastApple.Web/ClientApp/src/apple/appleAuthentication.ts": {"path":"/home/runner/work/LastApple/LastApple/LastApple.Web/ClientApp/src/apple/appleAuthentication.ts","statementMap":{"0":{"start":{"line":10,"column":4},"end":{"line":10,"column":62}},"1":{"start":{"line":11,"column":28},"end":{"line":11,"column":68}},"2":{"start":{"line":13,"column":4},"end":{"line":16,"column":5}},"3":{"start":{"line":14,"column":8},"end":{"line":14,"column":74}},"4":{"start":{"line":15,"column":8},"end":{"line":15,"column":15}},"5":{"start":{"line":18,"column":4},"end":{"line":18,"column":36}},"6":{"start":{"line":19,"column":4},"end":{"line":19,"column":70}},"7":{"start":{"line":23,"column":4},"end":{"line":23,"column":62}},"8":{"start":{"line":25,"column":34},"end":{"line":25,"column":74}},"9":{"start":{"line":27,"column":4},"end":{"line":30,"column":5}},"10":{"start":{"line":28,"column":8},"end":{"line":28,"column":72}},"11":{"start":{"line":29,"column":8},"end":{"line":29,"column":15}},"12":{"start":{"line":32,"column":4},"end":{"line":32,"column":42}},"13":{"start":{"line":33,"column":33},"end":{"line":33,"column":73}},"14":{"start":{"line":35,"column":35},"end":{"line":37,"column":45}},"15":{"start":{"line":39,"column":4},"end":{"line":39,"column":57}},"16":{"start":{"line":43,"column":4},"end":{"line":43,"column":62}},"17":{"start":{"line":45,"column":28},"end":{"line":45,"column":68}},"18":{"start":{"line":47,"column":35},"end":{"line":49,"column":45}},"19":{"start":{"line":51,"column":4},"end":{"line":51,"column":57}}},"fnMap":{"0":{"name":"logoutApple","decl":{"start":{"line":9,"column":22},"end":{"line":9,"column":33}},"loc":{"start":{"line":9,"column":97},"end":{"line":20,"column":1}},"line":9},"1":{"name":"loginApple","decl":{"start":{"line":22,"column":22},"end":{"line":22,"column":32}},"loc":{"start":{"line":22,"column":81},"end":{"line":40,"column":1}},"line":22},"2":{"name":"checkAppleLogin","decl":{"start":{"line":42,"column":22},"end":{"line":42,"column":37}},"loc":{"start":{"line":42,"column":86},"end":{"line":52,"column":1}},"line":42}},"branchMap":{"0":{"loc":{"start":{"line":13,"column":4},"end":{"line":16,"column":5}},"type":"if","locations":[{"start":{"line":13,"column":4},"end":{"line":16,"column":5}},{"start":{},"end":{}}],"line":13},"1":{"loc":{"start":{"line":27,"column":4},"end":{"line":30,"column":5}},"type":"if","locations":[{"start":{"line":27,"column":4},"end":{"line":30,"column":5}},{"start":{},"end":{}}],"line":27},"2":{"loc":{"start":{"line":35,"column":35},"end":{"line":37,"column":45}},"type":"cond-expr","locations":[{"start":{"line":36,"column":10},"end":{"line":36,"column":43}},{"start":{"line":37,"column":10},"end":{"line":37,"column":45}}],"line":35},"3":{"loc":{"start":{"line":47,"column":35},"end":{"line":49,"column":45}},"type":"cond-expr","locations":[{"start":{"line":48,"column":10},"end":{"line":48,"column":43}},{"start":{"line":49,"column":10},"end":{"line":49,"column":45}}],"line":47}},"s":{"0":0,"1":0,"2":0,"3":0,"4":0,"5":0,"6":0,"7":0,"8":0,"9":0,"10":0,"11":0,"12":0,"13":0,"14":0,"15":0,"16":0,"17":0,"18":0,"19":0},"f":{"0":0,"1":0,"2":0},"b":{"0":[0,0],"1":[0,0],"2":[0,0],"3":[0,0]}}
,"/home/runner/work/LastApple/LastApple/LastApple.Web/ClientApp/src/components/AppleUnauthenticatedWarning.tsx": {"path":"/home/runner/work/LastApple/LastApple/LastApple.Web/ClientApp/src/components/AppleUnauthenticatedWarning.tsx","statementMap":{"0":{"start":{"line":5,"column":68},"end":{"line":9,"column":10}},"1":{"start":{"line":6,"column":4},"end":{"line":9,"column":10}}},"fnMap":{"0":{"name":"(anonymous_0)","decl":{"start":{"line":5,"column":68},"end":{"line":5,"column":69}},"loc":{"start":{"line":6,"column":4},"end":{"line":9,"column":10}},"line":6}},"branchMap":{},"s":{"0":0,"1":0},"f":{"0":0},"b":{}}
,"/home/runner/work/LastApple/LastApple/LastApple.Web/ClientApp/src/components/Footer.tsx": {"path":"/home/runner/work/LastApple/LastApple/LastApple.Web/ClientApp/src/components/Footer.tsx","statementMap":{"0":{"start":{"line":5,"column":22},"end":{"line":20,"column":6}},"1":{"start":{"line":5,"column":28},"end":{"line":20,"column":6}}},"fnMap":{"0":{"name":"(anonymous_0)","decl":{"start":{"line":5,"column":22},"end":{"line":5,"column":23}},"loc":{"start":{"line":5,"column":28},"end":{"line":20,"column":6}},"line":5}},"branchMap":{},"s":{"0":0,"1":0},"f":{"0":0},"b":{}}
,"/home/runner/work/LastApple/LastApple/LastApple.Web/ClientApp/src/components/Header.tsx": {"path":"/home/runner/work/LastApple/LastApple/LastApple.Web/ClientApp/src/components/Header.tsx","statementMap":{"0":{"start":{"line":8,"column":21},"end":{"line":8,"column":104}},"1":{"start":{"line":9,"column":27},"end":{"line":9,"column":49}},"2":{"start":{"line":11,"column":41},"end":{"line":15,"column":1}},"3":{"start":{"line":17,"column":47},"end":{"line":49,"column":1}},"4":{"start":{"line":18,"column":23},"end":{"line":18,"column":38}},"5":{"start":{"line":20,"column":46},"end":{"line":24,"column":5}},"6":{"start":{"line":26,"column":4},"end":{"line":48,"column":6}}},"fnMap":{"0":{"name":"(anonymous_0)","decl":{"start":{"line":17,"column":47},"end":{"line":17,"column":48}},"loc":{"start":{"line":17,"column":53},"end":{"line":49,"column":1}},"line":17}},"branchMap":{"0":{"loc":{"start":{"line":41,"column":17},"end":{"line":43,"column":96}},"type":"binary-expr","locations":[{"start":{"line":41,"column":17},"end":{"line":41,"column":43}},{"start":{"line":42,"column":20},"end":{"line":43,"column":96}}],"line":41}},"s":{"0":0,"1":0,"2":0,"3":0,"4":0,"5":0,"6":0},"f":{"0":0},"b":{"0":[0,0]}}
,"/home/runner/work/LastApple/LastApple/LastApple.Web/ClientApp/src/components/Home.tsx": {"path":"/home/runner/work/LastApple/LastApple/LastApple.Web/ClientApp/src/components/Home.tsx","statementMap":{"0":{"start":{"line":5,"column":45},"end":{"line":16,"column":1}},"1":{"start":{"line":6,"column":35},"end":{"line":6,"column":67}},"2":{"start":{"line":8,"column":4},"end":{"line":15,"column":6}}},"fnMap":{"0":{"name":"(anonymous_0)","decl":{"start":{"line":5,"column":45},"end":{"line":5,"column":46}},"loc":{"start":{"line":5,"column":51},"end":{"line":16,"column":1}},"line":5}},"branchMap":{"0":{"loc":{"start":{"line":10,"column":13},"end":{"line":10,"column":77}},"type":"binary-expr","locations":[{"start":{"line":10,"column":13},"end":{"line":10,"column":43}},{"start":{"line":10,"column":47},"end":{"line":10,"column":77}}],"line":10}},"s":{"0":0,"1":0,"2":0},"f":{"0":0},"b":{"0":[0,0]}}
,"/home/runner/work/LastApple/LastApple/LastApple.Web/ClientApp/src/components/IStationDefinition.ts": {"path":"/home/runner/work/LastApple/LastApple/LastApple.Web/ClientApp/src/components/IStationDefinition.ts","statementMap":{},"fnMap":{},"branchMap":{},"s":{},"f":{},"b":{}}
,"/home/runner/work/LastApple/LastApple/LastApple.Web/ClientApp/src/components/IStationParams.ts": {"path":"/home/runner/work/LastApple/LastApple/LastApple.Web/ClientApp/src/components/IStationParams.ts","statementMap":{},"fnMap":{},"branchMap":{},"s":{},"f":{},"b":{}}
,"/home/runner/work/LastApple/LastApple/LastApple.Web/ClientApp/src/components/LastfmAvatar.tsx": {"path":"/home/runner/work/LastApple/LastApple/LastApple.Web/ClientApp/src/components/LastfmAvatar.tsx","statementMap":{"0":{"start":{"line":8,"column":53},"end":{"line":49,"column":1}},"1":{"start":{"line":9,"column":26},"end":{"line":9,"column":44}},"2":{"start":{"line":10,"column":20},"end":{"line":10,"column":32}},"3":{"start":{"line":12,"column":20},"end":{"line":20,"column":5}},"4":{"start":{"line":14,"column":12},"end":{"line":15,"column":23}},"5":{"start":{"line":15,"column":16},"end":{"line":15,"column":23}},"6":{"start":{"line":17,"column":12},"end":{"line":17,"column":38}},"7":{"start":{"line":22,"column":4},"end":{"line":28,"column":5}},"8":{"start":{"line":23,"column":8},"end":{"line":27,"column":10}},"9":{"start":{"line":30,"column":4},"end":{"line":48,"column":6}}},"fnMap":{"0":{"name":"(anonymous_0)","decl":{"start":{"line":8,"column":53},"end":{"line":8,"column":54}},"loc":{"start":{"line":8,"column":59},"end":{"line":49,"column":1}},"line":8},"1":{"name":"(anonymous_1)","decl":{"start":{"line":13,"column":8},"end":{"line":13,"column":9}},"loc":{"start":{"line":13,"column":14},"end":{"line":18,"column":9}},"line":13}},"branchMap":{"0":{"loc":{"start":{"line":14,"column":12},"end":{"line":15,"column":23}},"type":"if","locations":[{"start":{"line":14,"column":12},"end":{"line":15,"column":23}},{"start":{},"end":{}}],"line":14},"1":{"loc":{"start":{"line":22,"column":4},"end":{"line":28,"column":5}},"type":"if","locations":[{"start":{"line":22,"column":4},"end":{"line":28,"column":5}},{"start":{},"end":{}}],"line":22},"2":{"loc":{"start":{"line":40,"column":21},"end":{"line":40,"column":126}},"type":"binary-expr","locations":[{"start":{"line":40,"column":21},"end":{"line":40,"column":54}},{"start":{"line":40,"column":58},"end":{"line":40,"column":126}}],"line":40},"3":{"loc":{"start":{"line":44,"column":68},"end":{"line":44,"column":126}},"type":"binary-expr","locations":[{"start":{"line":44,"column":68},"end":{"line":44,"column":112}},{"start":{"line":44,"column":116},"end":{"line":44,"column":126}}],"line":44},"4":{"loc":{"start":{"line":45,"column":23},"end":{"line":45,"column":74}},"type":"binary-expr","locations":[{"start":{"line":45,"column":23},"end":{"line":45,"column":62}},{"start":{"line":45,"column":66},"end":{"line":45,"column":74}}],"line":45}},"s":{"0":0,"1":0,"2":0,"3":0,"4":0,"5":0,"6":0,"7":0,"8":0,"9":0},"f":{"0":0,"1":0},"b":{"0":[0,0],"1":[0,0],"2":[0,0],"3":[0,0],"4":[0,0]}}
,"/home/runner/work/LastApple/LastApple/LastApple.Web/ClientApp/src/components/Layout.tsx": {"path":"/home/runner/work/LastApple/LastApple/LastApple.Web/ClientApp/src/components/Layout.tsx","statementMap":{"0":{"start":{"line":5,"column":15},"end":{"line":10,"column":1}},"1":{"start":{"line":12,"column":72},"end":{"line":17,"column":10}},"2":{"start":{"line":13,"column":4},"end":{"line":17,"column":10}}},"fnMap":{"0":{"name":"(anonymous_0)","decl":{"start":{"line":12,"column":72},"end":{"line":12,"column":73}},"loc":{"start":{"line":13,"column":4},"end":{"line":17,"column":10}},"line":13}},"branchMap":{},"s":{"0":0,"1":0,"2":0},"f":{"0":0},"b":{}}
,"/home/runner/work/LastApple/LastApple/LastApple.Web/ClientApp/src/components/NowPlaying.tsx": {"path":"/home/runner/work/LastApple/LastApple/LastApple.Web/ClientApp/src/components/NowPlaying.tsx","statementMap":{"0":{"start":{"line":11,"column":69},"end":{"line":30,"column":1}},"1":{"start":{"line":12,"column":23},"end":{"line":12,"column":38}},"2":{"start":{"line":13,"column":40},"end":{"line":13,"column":72}},"3":{"start":{"line":15,"column":4},"end":{"line":22,"column":6}},"4":{"start":{"line":17,"column":12},"end":{"line":19,"column":13}},"5":{"start":{"line":18,"column":16},"end":{"line":18,"column":63}},"6":{"start":{"line":24,"column":4},"end":{"line":29,"column":6}}},"fnMap":{"0":{"name":"(anonymous_0)","decl":{"start":{"line":11,"column":69},"end":{"line":11,"column":70}},"loc":{"start":{"line":11,"column":98},"end":{"line":30,"column":1}},"line":11},"1":{"name":"(anonymous_1)","decl":{"start":{"line":16,"column":8},"end":{"line":16,"column":9}},"loc":{"start":{"line":16,"column":14},"end":{"line":20,"column":9}},"line":16}},"branchMap":{"0":{"loc":{"start":{"line":17,"column":12},"end":{"line":19,"column":13}},"type":"if","locations":[{"start":{"line":17,"column":12},"end":{"line":19,"column":13}},{"start":{},"end":{}}],"line":17},"1":{"loc":{"start":{"line":17,"column":16},"end":{"line":17,"column":83}},"type":"binary-expr","locations":[{"start":{"line":17,"column":16},"end":{"line":17,"column":33}},{"start":{"line":17,"column":37},"end":{"line":17,"column":83}}],"line":17},"2":{"loc":{"start":{"line":25,"column":31},"end":{"line":25,"column":66}},"type":"cond-expr","locations":[{"start":{"line":25,"column":50},"end":{"line":25,"column":57}},{"start":{"line":25,"column":60},"end":{"line":25,"column":66}}],"line":25},"3":{"loc":{"start":{"line":26,"column":13},"end":{"line":26,"column":87}},"type":"binary-expr","locations":[{"start":{"line":26,"column":13},"end":{"line":26,"column":48}},{"start":{"line":26,"column":52},"end":{"line":26,"column":87}}],"line":26}},"s":{"0":0,"1":0,"2":0,"3":0,"4":0,"5":0,"6":0},"f":{"0":0,"1":0},"b":{"0":[0,0],"1":[0,0],"2":[0,0],"3":[0,0]}}
,"/home/runner/work/LastApple/LastApple/LastApple.Web/ClientApp/src/components/Search.tsx": {"path":"/home/runner/work/LastApple/LastApple/LastApple.Web/ClientApp/src/components/Search.tsx","statementMap":{"0":{"start":{"line":21,"column":8},"end":{"line":21,"column":21}},"1":{"start":{"line":23,"column":8},"end":{"line":23,"column":53}},"2":{"start":{"line":27,"column":8},"end":{"line":27,"column":72}},"3":{"start":{"line":29,"column":24},"end":{"line":29,"column":53}},"4":{"start":{"line":31,"column":8},"end":{"line":31,"column":53}},"5":{"start":{"line":35,"column":8},"end":{"line":45,"column":14}},"6":{"start":{"line":40,"column":47},"end":{"line":40,"column":65}},"7":{"start":{"line":44,"column":47},"end":{"line":44,"column":85}}},"fnMap":{"0":{"name":"(anonymous_0)","decl":{"start":{"line":20,"column":4},"end":{"line":20,"column":5}},"loc":{"start":{"line":20,"column":23},"end":{"line":24,"column":5}},"line":20},"1":{"name":"(anonymous_1)","decl":{"start":{"line":26,"column":4},"end":{"line":26,"column":5}},"loc":{"start":{"line":26,"column":31},"end":{"line":32,"column":5}},"line":26},"2":{"name":"(anonymous_2)","decl":{"start":{"line":34,"column":4},"end":{"line":34,"column":5}},"loc":{"start":{"line":34,"column":13},"end":{"line":46,"column":5}},"line":34},"3":{"name":"(anonymous_3)","decl":{"start":{"line":40,"column":38},"end":{"line":40,"column":39}},"loc":{"start":{"line":40,"column":47},"end":{"line":40,"column":65}},"line":40},"4":{"name":"(anonymous_4)","decl":{"start":{"line":44,"column":38},"end":{"line":44,"column":39}},"loc":{"start":{"line":44,"column":47},"end":{"line":44,"column":85}},"line":44}},"branchMap":{"0":{"loc":{"start":{"line":35,"column":49},"end":{"line":35,"column":77}},"type":"binary-expr","locations":[{"start":{"line":35,"column":49},"end":{"line":35,"column":72}},{"start":{"line":35,"column":76},"end":{"line":35,"column":77}}],"line":35}},"s":{"0":0,"1":0,"2":0,"3":0,"4":0,"5":0,"6":0,"7":0},"f":{"0":0,"1":0,"2":0,"3":0,"4":0},"b":{"0":[0,0]}}
,"/home/runner/work/LastApple/LastApple/LastApple.Web/ClientApp/src/components/Settings.tsx": {"path":"/home/runner/work/LastApple/LastApple/LastApple.Web/ClientApp/src/components/Settings.tsx","statementMap":{"0":{"start":{"line":12,"column":39},"end":{"line":12,"column":138}},"1":{"start":{"line":13,"column":40},"end":{"line":13,"column":79}},"2":{"start":{"line":15,"column":49},"end":{"line":96,"column":1}},"3":{"start":{"line":16,"column":25},"end":{"line":16,"column":42}},"4":{"start":{"line":17,"column":26},"end":{"line":17,"column":44}},"5":{"start":{"line":19,"column":23},"end":{"line":22,"column":5}},"6":{"start":{"line":20,"column":20},"end":{"line":20,"column":72}},"7":{"start":{"line":24,"column":24},"end":{"line":27,"column":5}},"8":{"start":{"line":25,"column":20},"end":{"line":25,"column":73}},"9":{"start":{"line":29,"column":24},"end":{"line":32,"column":5}},"10":{"start":{"line":30,"column":20},"end":{"line":30,"column":74}},"11":{"start":{"line":34,"column":25},"end":{"line":37,"column":5}},"12":{"start":{"line":35,"column":20},"end":{"line":35,"column":75}},"13":{"start":{"line":39,"column":33},"end":{"line":39,"column":104}},"14":{"start":{"line":40,"column":34},"end":{"line":40,"column":106}},"15":{"start":{"line":42,"column":38},"end":{"line":48,"column":5}},"16":{"start":{"line":44,"column":12},"end":{"line":46,"column":36}},"17":{"start":{"line":50,"column":39},"end":{"line":56,"column":5}},"18":{"start":{"line":52,"column":12},"end":{"line":54,"column":37}},"19":{"start":{"line":58,"column":4},"end":{"line":61,"column":15}},"20":{"start":{"line":59,"column":8},"end":{"line":61,"column":15}},"21":{"start":{"line":63,"column":4},"end":{"line":95,"column":6}}},"fnMap":{"0":{"name":"(anonymous_0)","decl":{"start":{"line":15,"column":49},"end":{"line":15,"column":50}},"loc":{"start":{"line":15,"column":55},"end":{"line":96,"column":1}},"line":15},"1":{"name":"(anonymous_1)","decl":{"start":{"line":20,"column":8},"end":{"line":20,"column":9}},"loc":{"start":{"line":20,"column":20},"end":{"line":20,"column":72}},"line":20},"2":{"name":"(anonymous_2)","decl":{"start":{"line":25,"column":8},"end":{"line":25,"column":9}},"loc":{"start":{"line":25,"column":20},"end":{"line":25,"column":73}},"line":25},"3":{"name":"(anonymous_3)","decl":{"start":{"line":30,"column":8},"end":{"line":30,"column":9}},"loc":{"start":{"line":30,"column":20},"end":{"line":30,"column":74}},"line":30},"4":{"name":"(anonymous_4)","decl":{"start":{"line":35,"column":8},"end":{"line":35,"column":9}},"loc":{"start":{"line":35,"column":20},"end":{"line":35,"column":75}},"line":35},"5":{"name":"(anonymous_5)","decl":{"start":{"line":43,"column":8},"end":{"line":43,"column":9}},"loc":{"start":{"line":44,"column":12},"end":{"line":46,"column":36}},"line":44},"6":{"name":"(anonymous_6)","decl":{"start":{"line":51,"column":8},"end":{"line":51,"column":9}},"loc":{"start":{"line":52,"column":12},"end":{"line":54,"column":37}},"line":52}},"branchMap":{"0":{"loc":{"start":{"line":44,"column":12},"end":{"line":46,"column":36}},"type":"cond-expr","locations":[{"start":{"line":45,"column":18},"end":{"line":45,"column":37}},{"start":{"line":46,"column":18},"end":{"line":46,"column":36}}],"line":44},"1":{"loc":{"start":{"line":52,"column":12},"end":{"line":54,"column":37}},"type":"cond-expr","locations":[{"start":{"line":53,"column":18},"end":{"line":53,"column":38}},{"start":{"line":54,"column":18},"end":{"line":54,"column":37}}],"line":52},"2":{"loc":{"start":{"line":58,"column":4},"end":{"line":61,"column":15}},"type":"if","locations":[{"start":{"line":58,"column":4},"end":{"line":61,"column":15}},{"start":{},"end":{}}],"line":58},"3":{"loc":{"start":{"line":58,"column":8},"end":{"line":58,"column":143}},"type":"binary-expr","locations":[{"start":{"line":58,"column":8},"end":{"line":58,"column":73}},{"start":{"line":58,"column":77},"end":{"line":58,"column":143}}],"line":58}},"s":{"0":0,"1":0,"2":0,"3":0,"4":0,"5":0,"6":0,"7":0,"8":0,"9":0,"10":0,"11":0,"12":0,"13":0,"14":0,"15":0,"16":0,"17":0,"18":0,"19":0,"20":0,"21":0},"f":{"0":0,"1":0,"2":0,"3":0,"4":0,"5":0,"6":0},"b":{"0":[0,0],"1":[0,0],"2":[0,0],"3":[0,0]}}
,"/home/runner/work/LastApple/LastApple/LastApple.Web/ClientApp/src/components/StationDescriptor.tsx": {"path":"/home/runner/work/LastApple/LastApple/LastApple.Web/ClientApp/src/components/StationDescriptor.tsx","statementMap":{"0":{"start":{"line":13,"column":46},"end":{"line":19,"column":1}},"1":{"start":{"line":20,"column":51},"end":{"line":25,"column":1}},"2":{"start":{"line":29,"column":8},"end":{"line":29,"column":21}},"3":{"start":{"line":31,"column":8},"end":{"line":35,"column":10}},"4":{"start":{"line":39,"column":8},"end":{"line":41,"column":9}},"5":{"start":{"line":40,"column":12},"end":{"line":40,"column":77}},"6":{"start":{"line":43,"column":8},"end":{"line":55,"column":19}},"7":{"start":{"line":49,"column":48},"end":{"line":49,"column":87}},"8":{"start":{"line":50,"column":47},"end":{"line":50,"column":75}},"9":{"start":{"line":51,"column":41},"end":{"line":51,"column":67}},"10":{"start":{"line":59,"column":8},"end":{"line":60,"column":19}},"11":{"start":{"line":60,"column":12},"end":{"line":60,"column":19}},"12":{"start":{"line":62,"column":8},"end":{"line":62,"column":54}},"13":{"start":{"line":66,"column":8},"end":{"line":68,"column":9}},"14":{"start":{"line":67,"column":12},"end":{"line":67,"column":39}}},"fnMap":{"0":{"name":"(anonymous_0)","decl":{"start":{"line":28,"column":4},"end":{"line":28,"column":5}},"loc":{"start":{"line":28,"column":23},"end":{"line":36,"column":5}},"line":28},"1":{"name":"(anonymous_1)","decl":{"start":{"line":38,"column":4},"end":{"line":38,"column":5}},"loc":{"start":{"line":38,"column":30},"end":{"line":56,"column":5}},"line":38},"2":{"name":"(anonymous_2)","decl":{"start":{"line":49,"column":42},"end":{"line":49,"column":43}},"loc":{"start":{"line":49,"column":48},"end":{"line":49,"column":87}},"line":49},"3":{"name":"(anonymous_3)","decl":{"start":{"line":50,"column":42},"end":{"line":50,"column":43}},"loc":{"start":{"line":50,"column":47},"end":{"line":50,"column":75}},"line":50},"4":{"name":"(anonymous_4)","decl":{"start":{"line":51,"column":35},"end":{"line":51,"column":36}},"loc":{"start":{"line":51,"column":41},"end":{"line":51,"column":67}},"line":51},"5":{"name":"(anonymous_5)","decl":{"start":{"line":58,"column":4},"end":{"line":58,"column":5}},"loc":{"start":{"line":58,"column":26},"end":{"line":63,"column":5}},"line":58},"6":{"name":"(anonymous_6)","decl":{"start":{"line":65,"column":4},"end":{"line":65,"column":5}},"loc":{"start":{"line":65,"column":34},"end":{"line":69,"column":5}},"line":65}},"branchMap":{"0":{"loc":{"start":{"line":39,"column":8},"end":{"line":41,"column":9}},"type":"if","locations":[{"start":{"line":39,"column":8},"end":{"line":41,"column":9}},{"start":{},"end":{}}],"line":39},"1":{"loc":{"start":{"line":52,"column":57},"end":{"line":52,"column":96}},"type":"cond-expr","locations":[{"start":{"line":52,"column":78},"end":{"line":52,"column":87}},{"start":{"line":52,"column":90},"end":{"line":52,"column":96}}],"line":52},"2":{"loc":{"start":{"line":59,"column":8},"end":{"line":60,"column":19}},"type":"if","locations":[{"start":{"line":59,"column":8},"end":{"line":60,"column":19}},{"start":{},"end":{}}],"line":59},"3":{"loc":{"start":{"line":66,"column":8},"end":{"line":68,"column":9}},"type":"if","locations":[{"start":{"line":66,"column":8},"end":{"line":68,"column":9}},{"start":{},"end":{}}],"line":66}},"s":{"0":0,"1":0,"2":0,"3":0,"4":0,"5":0,"6":0,"7":0,"8":0,"9":0,"10":0,"11":0,"12":0,"13":0,"14":0},"f":{"0":0,"1":0,"2":0,"3":0,"4":0,"5":0,"6":0},"b":{"0":[0,0],"1":[0,0],"2":[0,0],"3":[0,0]}}
,"/home/runner/work/LastApple/LastApple/LastApple.Web/ClientApp/src/components/StationsList.tsx": {"path":"/home/runner/work/LastApple/LastApple/LastApple.Web/ClientApp/src/components/StationsList.tsx","statementMap":{"0":{"start":{"line":11,"column":8},"end":{"line":11,"column":21}},"1":{"start":{"line":13,"column":8},"end":{"line":13,"column":77}},"2":{"start":{"line":17,"column":8},"end":{"line":19,"column":9}},"3":{"start":{"line":18,"column":12},"end":{"line":18,"column":77}},"4":{"start":{"line":21,"column":8},"end":{"line":26,"column":19}}},"fnMap":{"0":{"name":"(anonymous_0)","decl":{"start":{"line":10,"column":4},"end":{"line":10,"column":5}},"loc":{"start":{"line":10,"column":23},"end":{"line":14,"column":5}},"line":10},"1":{"name":"(anonymous_1)","decl":{"start":{"line":16,"column":4},"end":{"line":16,"column":5}},"loc":{"start":{"line":16,"column":30},"end":{"line":27,"column":5}},"line":16}},"branchMap":{"0":{"loc":{"start":{"line":17,"column":8},"end":{"line":19,"column":9}},"type":"if","locations":[{"start":{"line":17,"column":8},"end":{"line":19,"column":9}},{"start":{},"end":{}}],"line":17}},"s":{"0":0,"1":0,"2":0,"3":0,"4":0},"f":{"0":0,"1":0},"b":{"0":[0,0]}}
,"/home/runner/work/LastApple/LastApple/LastApple.Web/ClientApp/src/components/Player/CustomToggle.tsx": {"path":"/home/runner/work/LastApple/LastApple/LastApple.Web/ClientApp/src/components/Player/CustomToggle.tsx","statementMap":{"0":{"start":{"line":3,"column":28},"end":{"line":11,"column":2}},"1":{"start":{"line":4,"column":4},"end":{"line":10,"column":10}},"2":{"start":{"line":5,"column":8},"end":{"line":5,"column":27}},"3":{"start":{"line":7,"column":8},"end":{"line":7,"column":25}}},"fnMap":{"0":{"name":"(anonymous_0)","decl":{"start":{"line":3,"column":45},"end":{"line":3,"column":46}},"loc":{"start":{"line":4,"column":4},"end":{"line":10,"column":10}},"line":4},"1":{"name":"(anonymous_1)","decl":{"start":{"line":4,"column":28},"end":{"line":4,"column":29}},"loc":{"start":{"line":4,"column":35},"end":{"line":8,"column":5}},"line":4}},"branchMap":{},"s":{"0":0,"1":0,"2":0,"3":0},"f":{"0":0,"1":0},"b":{}}
,"/home/runner/work/LastApple/LastApple/LastApple.Web/ClientApp/src/components/Player/PlayerControls.tsx": {"path":"/home/runner/work/LastApple/LastApple/LastApple.Web/ClientApp/src/components/Player/PlayerControls.tsx","statementMap":{"0":{"start":{"line":9,"column":45},"end":{"line":13,"column":1}},"1":{"start":{"line":15,"column":53},"end":{"line":23,"column":1}},"2":{"start":{"line":25,"column":44},"end":{"line":33,"column":1}},"3":{"start":{"line":35,"column":48},"end":{"line":40,"column":1}},"4":{"start":{"line":42,"column":42},"end":{"line":49,"column":1}},"5":{"start":{"line":53,"column":30},"end":{"line":82,"column":10}},"6":{"start":{"line":54,"column":4},"end":{"line":82,"column":10}},"7":{"start":{"line":70,"column":62},"end":{"line":70,"column":80}},"8":{"start":{"line":73,"column":62},"end":{"line":73,"column":81}},"9":{"start":{"line":76,"column":62},"end":{"line":76,"column":80}}},"fnMap":{"0":{"name":"(anonymous_0)","decl":{"start":{"line":53,"column":30},"end":{"line":53,"column":31}},"loc":{"start":{"line":54,"column":4},"end":{"line":82,"column":10}},"line":54},"1":{"name":"(anonymous_1)","decl":{"start":{"line":70,"column":56},"end":{"line":70,"column":57}},"loc":{"start":{"line":70,"column":62},"end":{"line":70,"column":80}},"line":70},"2":{"name":"(anonymous_2)","decl":{"start":{"line":73,"column":56},"end":{"line":73,"column":57}},"loc":{"start":{"line":73,"column":62},"end":{"line":73,"column":81}},"line":73},"3":{"name":"(anonymous_3)","decl":{"start":{"line":76,"column":56},"end":{"line":76,"column":57}},"loc":{"start":{"line":76,"column":62},"end":{"line":76,"column":80}},"line":76}},"branchMap":{"0":{"loc":{"start":{"line":56,"column":13},"end":{"line":61,"column":14}},"type":"binary-expr","locations":[{"start":{"line":56,"column":13},"end":{"line":56,"column":31}},{"start":{"line":56,"column":35},"end":{"line":61,"column":14}}],"line":56},"1":{"loc":{"start":{"line":63,"column":66},"end":{"line":63,"column":129}},"type":"binary-expr","locations":[{"start":{"line":63,"column":66},"end":{"line":63,"column":84}},{"start":{"line":63,"column":88},"end":{"line":63,"column":129}}],"line":63},"2":{"loc":{"start":{"line":74,"column":47},"end":{"line":74,"column":81}},"type":"cond-expr","locations":[{"start":{"line":74,"column":65},"end":{"line":74,"column":72}},{"start":{"line":74,"column":75},"end":{"line":74,"column":81}}],"line":74}},"s":{"0":0,"1":0,"2":0,"3":0,"4":0,"5":0,"6":0,"7":0,"8":0,"9":0},"f":{"0":0,"1":0,"2":0,"3":0},"b":{"0":[0,0],"1":[0,0],"2":[0,0]}}
,"/home/runner/work/LastApple/LastApple/LastApple.Web/ClientApp/src/components/Player/PlayerHeader.tsx": {"path":"/home/runner/work/LastApple/LastApple/LastApple.Web/ClientApp/src/components/Player/PlayerHeader.tsx","statementMap":{"0":{"start":{"line":6,"column":28},"end":{"line":39,"column":10}},"1":{"start":{"line":7,"column":4},"end":{"line":39,"column":10}},"2":{"start":{"line":21,"column":31},"end":{"line":21,"column":58}}},"fnMap":{"0":{"name":"(anonymous_0)","decl":{"start":{"line":6,"column":28},"end":{"line":6,"column":29}},"loc":{"start":{"line":7,"column":4},"end":{"line":39,"column":10}},"line":7},"1":{"name":"(anonymous_1)","decl":{"start":{"line":21,"column":26},"end":{"line":21,"column":27}},"loc":{"start":{"line":21,"column":31},"end":{"line":21,"column":58}},"line":21}},"branchMap":{},"s":{"0":0,"1":0,"2":0},"f":{"0":0,"1":0},"b":{}}
,"/home/runner/work/LastApple/LastApple/LastApple.Web/ClientApp/src/components/Player/Playlist.tsx": {"path":"/home/runner/work/LastApple/LastApple/LastApple.Web/ClientApp/src/components/Player/Playlist.tsx","statementMap":{"0":{"start":{"line":20,"column":8},"end":{"line":21,"column":24}},"1":{"start":{"line":21,"column":12},"end":{"line":21,"column":24}},"2":{"start":{"line":23,"column":30},"end":{"line":23,"column":53}},"3":{"start":{"line":25,"column":8},"end":{"line":39,"column":19}},"4":{"start":{"line":26,"column":12},"end":{"line":39,"column":19}},"5":{"start":{"line":27,"column":53},"end":{"line":38,"column":18}},"6":{"start":{"line":41,"column":24},"end":{"line":41,"column":56}},"7":{"start":{"line":43,"column":8},"end":{"line":68,"column":15}},"8":{"start":{"line":45,"column":16},"end":{"line":67,"column":37}},"9":{"start":{"line":49,"column":78},"end":{"line":49,"column":107}},"10":{"start":{"line":55,"column":24},"end":{"line":66,"column":26}},"11":{"start":{"line":72,"column":32},"end":{"line":72,"column":49}},"12":{"start":{"line":73,"column":31},"end":{"line":73,"column":65}},"13":{"start":{"line":75,"column":8},"end":{"line":75,"column":72}},"14":{"start":{"line":79,"column":8},"end":{"line":87,"column":37}},"15":{"start":{"line":80,"column":12},"end":{"line":85,"column":13}},"16":{"start":{"line":81,"column":16},"end":{"line":81,"column":68}},"17":{"start":{"line":83,"column":16},"end":{"line":83,"column":59}},"18":{"start":{"line":84,"column":16},"end":{"line":84,"column":59}},"19":{"start":{"line":86,"column":12},"end":{"line":86,"column":26}},"20":{"start":{"line":90,"column":18},"end":{"line":94,"column":5}},"21":{"start":{"line":97,"column":24},"end":{"line":97,"column":60}},"22":{"start":{"line":99,"column":8},"end":{"line":99,"column":129}},"23":{"start":{"line":103,"column":8},"end":{"line":103,"column":128}}},"fnMap":{"0":{"name":"(anonymous_0)","decl":{"start":{"line":19,"column":4},"end":{"line":19,"column":5}},"loc":{"start":{"line":19,"column":13},"end":{"line":69,"column":5}},"line":19},"1":{"name":"(anonymous_1)","decl":{"start":{"line":27,"column":35},"end":{"line":27,"column":36}},"loc":{"start":{"line":27,"column":53},"end":{"line":38,"column":18}},"line":27},"2":{"name":"(anonymous_2)","decl":{"start":{"line":44,"column":29},"end":{"line":44,"column":30}},"loc":{"start":{"line":45,"column":16},"end":{"line":67,"column":37}},"line":45},"3":{"name":"(anonymous_3)","decl":{"start":{"line":49,"column":73},"end":{"line":49,"column":74}},"loc":{"start":{"line":49,"column":78},"end":{"line":49,"column":107}},"line":49},"4":{"name":"(anonymous_4)","decl":{"start":{"line":54,"column":39},"end":{"line":54,"column":40}},"loc":{"start":{"line":55,"column":24},"end":{"line":66,"column":26}},"line":55},"5":{"name":"(anonymous_5)","decl":{"start":{"line":71,"column":4},"end":{"line":71,"column":5}},"loc":{"start":{"line":71,"column":23},"end":{"line":76,"column":5}},"line":71},"6":{"name":"(anonymous_6)","decl":{"start":{"line":78,"column":4},"end":{"line":78,"column":5}},"loc":{"start":{"line":78,"column":47},"end":{"line":88,"column":5}},"line":78},"7":{"name":"(anonymous_7)","decl":{"start":{"line":79,"column":29},"end":{"line":79,"column":30}},"loc":{"start":{"line":79,"column":54},"end":{"line":87,"column":9}},"line":79},"8":{"name":"(anonymous_8)","decl":{"start":{"line":90,"column":18},"end":{"line":90,"column":19}},"loc":{"start":{"line":90,"column":55},"end":{"line":94,"column":5}},"line":90},"9":{"name":"(anonymous_9)","decl":{"start":{"line":96,"column":4},"end":{"line":96,"column":5}},"loc":{"start":{"line":96,"column":54},"end":{"line":100,"column":5}},"line":96},"10":{"name":"(anonymous_10)","decl":{"start":{"line":102,"column":4},"end":{"line":102,"column":5}},"loc":{"start":{"line":102,"column":49},"end":{"line":104,"column":5}},"line":102}},"branchMap":{"0":{"loc":{"start":{"line":20,"column":8},"end":{"line":21,"column":24}},"type":"if","locations":[{"start":{"line":20,"column":8},"end":{"line":21,"column":24}},{"start":{},"end":{}}],"line":20},"1":{"loc":{"start":{"line":25,"column":8},"end":{"line":39,"column":19}},"type":"if","locations":[{"start":{"line":25,"column":8},"end":{"line":39,"column":19}},{"start":{},"end":{}}],"line":25},"2":{"loc":{"start":{"line":31,"column":31},"end":{"line":31,"column":88}},"type":"binary-expr","locations":[{"start":{"line":31,"column":31},"end":{"line":31,"column":64}},{"start":{"line":31,"column":68},"end":{"line":31,"column":88}}],"line":31},"3":{"loc":{"start":{"line":49,"column":31},"end":{"line":49,"column":108}},"type":"binary-expr","locations":[{"start":{"line":49,"column":31},"end":{"line":49,"column":51}},{"start":{"line":49,"column":55},"end":{"line":49,"column":108}}],"line":49},"4":{"loc":{"start":{"line":58,"column":39},"end":{"line":58,"column":101}},"type":"binary-expr","locations":[{"start":{"line":58,"column":39},"end":{"line":58,"column":59}},{"start":{"line":58,"column":63},"end":{"line":58,"column":101}}],"line":58},"5":{"loc":{"start":{"line":59,"column":39},"end":{"line":59,"column":104}},"type":"binary-expr","locations":[{"start":{"line":59,"column":39},"end":{"line":59,"column":62}},{"start":{"line":59,"column":66},"end":{"line":59,"column":104}}],"line":59},"6":{"loc":{"start":{"line":80,"column":12},"end":{"line":85,"column":13}},"type":"if","locations":[{"start":{"line":80,"column":12},"end":{"line":85,"column":13}},{"start":{"line":82,"column":19},"end":{"line":85,"column":13}}],"line":80}},"s":{"0":0,"1":0,"2":0,"3":0,"4":0,"5":0,"6":0,"7":0,"8":0,"9":0,"10":0,"11":0,"12":0,"13":0,"14":0,"15":0,"16":0,"17":0,"18":0,"19":0,"20":0,"21":0,"22":0,"23":0},"f":{"0":0,"1":0,"2":0,"3":0,"4":0,"5":0,"6":0,"7":0,"8":0,"9":0,"10":0},"b":{"0":[0,0],"1":[0,0],"2":[0,0],"3":[0,0],"4":[0,0],"5":[0,0],"6":[0,0]}}
,"/home/runner/work/LastApple/LastApple/LastApple.Web/ClientApp/src/components/Player/PlaylistTrack.tsx": {"path":"/home/runner/work/LastApple/LastApple/LastApple.Web/ClientApp/src/components/Player/PlaylistTrack.tsx","statementMap":{"0":{"start":{"line":21,"column":29},"end":{"line":62,"column":11}},"1":{"start":{"line":22,"column":4},"end":{"line":62,"column":10}},"2":{"start":{"line":30,"column":28},"end":{"line":30,"column":80}},"3":{"start":{"line":38,"column":47},"end":{"line":38,"column":78}},"4":{"start":{"line":44,"column":47},"end":{"line":44,"column":83}},"5":{"start":{"line":50,"column":47},"end":{"line":50,"column":97}}},"fnMap":{"0":{"name":"(anonymous_0)","decl":{"start":{"line":21,"column":40},"end":{"line":21,"column":41}},"loc":{"start":{"line":22,"column":4},"end":{"line":62,"column":10}},"line":22},"1":{"name":"(anonymous_1)","decl":{"start":{"line":30,"column":22},"end":{"line":30,"column":23}},"loc":{"start":{"line":30,"column":28},"end":{"line":30,"column":80}},"line":30},"2":{"name":"(anonymous_2)","decl":{"start":{"line":38,"column":41},"end":{"line":38,"column":42}},"loc":{"start":{"line":38,"column":47},"end":{"line":38,"column":78}},"line":38},"3":{"name":"(anonymous_3)","decl":{"start":{"line":44,"column":41},"end":{"line":44,"column":42}},"loc":{"start":{"line":44,"column":47},"end":{"line":44,"column":83}},"line":44},"4":{"name":"(anonymous_4)","decl":{"start":{"line":50,"column":41},"end":{"line":50,"column":42}},"loc":{"start":{"line":50,"column":47},"end":{"line":50,"column":97}},"line":50}},"branchMap":{"0":{"loc":{"start":{"line":22,"column":46},"end":{"line":22,"column":78}},"type":"cond-expr","locations":[{"start":{"line":22,"column":64},"end":{"line":22,"column":73}},{"start":{"line":22,"column":76},"end":{"line":22,"column":78}}],"line":22},"1":{"loc":{"start":{"line":31,"column":35},"end":{"line":31,"column":69}},"type":"cond-expr","locations":[{"start":{"line":31,"column":53},"end":{"line":31,"column":60}},{"start":{"line":31,"column":63},"end":{"line":31,"column":69}}],"line":31}},"s":{"0":0,"1":0,"2":0,"3":0,"4":0,"5":0},"f":{"0":0,"1":0,"2":0,"3":0,"4":0},"b":{"0":[0,0],"1":[0,0]}}
,"/home/runner/work/LastApple/LastApple/LastApple.Web/ClientApp/src/components/Player/PlaylistTrackGroup.tsx": {"path":"/home/runner/work/LastApple/LastApple/LastApple.Web/ClientApp/src/components/Player/PlaylistTrackGroup.tsx","statementMap":{"0":{"start":{"line":18,"column":34},"end":{"line":73,"column":11}},"1":{"start":{"line":19,"column":4},"end":{"line":73,"column":10}},"2":{"start":{"line":44,"column":55},"end":{"line":44,"column":95}},"3":{"start":{"line":55,"column":55},"end":{"line":55,"column":103}}},"fnMap":{"0":{"name":"(anonymous_0)","decl":{"start":{"line":18,"column":45},"end":{"line":18,"column":46}},"loc":{"start":{"line":19,"column":4},"end":{"line":73,"column":10}},"line":19},"1":{"name":"(anonymous_1)","decl":{"start":{"line":44,"column":49},"end":{"line":44,"column":50}},"loc":{"start":{"line":44,"column":55},"end":{"line":44,"column":95}},"line":44},"2":{"name":"(anonymous_2)","decl":{"start":{"line":55,"column":49},"end":{"line":55,"column":50}},"loc":{"start":{"line":55,"column":55},"end":{"line":55,"column":103}},"line":55}},"branchMap":{},"s":{"0":0,"1":0,"2":0,"3":0},"f":{"0":0,"1":0,"2":0},"b":{}}
,"/home/runner/work/LastApple/LastApple/LastApple.Web/ClientApp/src/components/Player/ProgressControl.tsx": {"path":"/home/runner/work/LastApple/LastApple/LastApple.Web/ClientApp/src/components/Player/ProgressControl.tsx","statementMap":{"0":{"start":{"line":4,"column":44},"end":{"line":11,"column":1}},"1":{"start":{"line":13,"column":43},"end":{"line":22,"column":1}},"2":{"start":{"line":28,"column":8},"end":{"line":28,"column":21}},"3":{"start":{"line":30,"column":8},"end":{"line":30,"column":94}},"4":{"start":{"line":32,"column":8},"end":{"line":32,"column":72}},"5":{"start":{"line":32,"column":38},"end":{"line":32,"column":71}},"6":{"start":{"line":36,"column":8},"end":{"line":36,"column":92}},"7":{"start":{"line":40,"column":8},"end":{"line":40,"column":95}},"8":{"start":{"line":44,"column":30},"end":{"line":44,"column":105}},"9":{"start":{"line":46,"column":8},"end":{"line":65,"column":15}},"10":{"start":{"line":53,"column":39},"end":{"line":53,"column":57}},"11":{"start":{"line":53,"column":76},"end":{"line":53,"column":94}},"12":{"start":{"line":53,"column":116},"end":{"line":53,"column":139}},"13":{"start":{"line":69,"column":36},"end":{"line":69,"column":61}},"14":{"start":{"line":70,"column":40},"end":{"line":70,"column":69}},"15":{"start":{"line":72,"column":8},"end":{"line":74,"column":9}},"16":{"start":{"line":73,"column":12},"end":{"line":73,"column":105}},"17":{"start":{"line":76,"column":8},"end":{"line":82,"column":9}},"18":{"start":{"line":77,"column":25},"end":{"line":77,"column":62}},"19":{"start":{"line":79,"column":12},"end":{"line":79,"column":96}},"20":{"start":{"line":81,"column":12},"end":{"line":81,"column":19}},"21":{"start":{"line":84,"column":39},"end":{"line":84,"column":90}},"22":{"start":{"line":85,"column":8},"end":{"line":85,"column":71}},"23":{"start":{"line":89,"column":21},"end":{"line":89,"column":56}},"24":{"start":{"line":90,"column":31},"end":{"line":90,"column":109}},"25":{"start":{"line":92,"column":8},"end":{"line":94,"column":9}},"26":{"start":{"line":93,"column":12},"end":{"line":93,"column":19}},"27":{"start":{"line":96,"column":8},"end":{"line":96,"column":42}},"28":{"start":{"line":100,"column":8},"end":{"line":100,"column":57}},"29":{"start":{"line":104,"column":8},"end":{"line":104,"column":108}},"30":{"start":{"line":105,"column":8},"end":{"line":105,"column":49}},"31":{"start":{"line":109,"column":8},"end":{"line":109,"column":45}}},"fnMap":{"0":{"name":"(anonymous_0)","decl":{"start":{"line":26,"column":4},"end":{"line":26,"column":5}},"loc":{"start":{"line":26,"column":23},"end":{"line":33,"column":5}},"line":26},"1":{"name":"(anonymous_1)","decl":{"start":{"line":32,"column":33},"end":{"line":32,"column":34}},"loc":{"start":{"line":32,"column":38},"end":{"line":32,"column":71}},"line":32},"2":{"name":"(anonymous_2)","decl":{"start":{"line":35,"column":4},"end":{"line":35,"column":5}},"loc":{"start":{"line":35,"column":30},"end":{"line":37,"column":5}},"line":35},"3":{"name":"(anonymous_3)","decl":{"start":{"line":39,"column":4},"end":{"line":39,"column":5}},"loc":{"start":{"line":39,"column":33},"end":{"line":41,"column":5}},"line":39},"4":{"name":"(anonymous_4)","decl":{"start":{"line":43,"column":4},"end":{"line":43,"column":5}},"loc":{"start":{"line":43,"column":20},"end":{"line":66,"column":5}},"line":43},"5":{"name":"(anonymous_5)","decl":{"start":{"line":53,"column":34},"end":{"line":53,"column":35}},"loc":{"start":{"line":53,"column":39},"end":{"line":53,"column":57}},"line":53},"6":{"name":"(anonymous_6)","decl":{"start":{"line":53,"column":70},"end":{"line":53,"column":71}},"loc":{"start":{"line":53,"column":76},"end":{"line":53,"column":94}},"line":53},"7":{"name":"(anonymous_7)","decl":{"start":{"line":53,"column":110},"end":{"line":53,"column":111}},"loc":{"start":{"line":53,"column":116},"end":{"line":53,"column":139}},"line":53},"8":{"name":"(anonymous_8)","decl":{"start":{"line":68,"column":4},"end":{"line":68,"column":5}},"loc":{"start":{"line":68,"column":37},"end":{"line":86,"column":5}},"line":68},"9":{"name":"(anonymous_9)","decl":{"start":{"line":88,"column":4},"end":{"line":88,"column":5}},"loc":{"start":{"line":88,"column":60},"end":{"line":97,"column":5}},"line":88},"10":{"name":"(anonymous_10)","decl":{"start":{"line":99,"column":4},"end":{"line":99,"column":5}},"loc":{"start":{"line":99,"column":32},"end":{"line":101,"column":5}},"line":99},"11":{"name":"(anonymous_11)","decl":{"start":{"line":103,"column":4},"end":{"line":103,"column":5}},"loc":{"start":{"line":103,"column":27},"end":{"line":106,"column":5}},"line":103},"12":{"name":"(anonymous_12)","decl":{"start":{"line":108,"column":4},"end":{"line":108,"column":5}},"loc":{"start":{"line":108,"column":31},"end":{"line":110,"column":5}},"line":108}},"branchMap":{"0":{"loc":{"start":{"line":57,"column":40},"end":{"line":57,"column":78}},"type":"cond-expr","locations":[{"start":{"line":57,"column":62},"end":{"line":57,"column":68}},{"start":{"line":57,"column":71},"end":{"line":57,"column":78}}],"line":57},"1":{"loc":{"start":{"line":72,"column":8},"end":{"line":74,"column":9}},"type":"if","locations":[{"start":{"line":72,"column":8},"end":{"line":74,"column":9}},{"start":{},"end":{}}],"line":72},"2":{"loc":{"start":{"line":72,"column":11},"end":{"line":72,"column":97}},"type":"binary-expr","locations":[{"start":{"line":72,"column":11},"end":{"line":72,"column":46}},{"start":{"line":72,"column":50},"end":{"line":72,"column":97}}],"line":72},"3":{"loc":{"start":{"line":76,"column":8},"end":{"line":82,"column":9}},"type":"if","locations":[{"start":{"line":76,"column":8},"end":{"line":82,"column":9}},{"start":{},"end":{}}],"line":76},"4":{"loc":{"start":{"line":92,"column":8},"end":{"line":94,"column":9}},"type":"if","locations":[{"start":{"line":92,"column":8},"end":{"line":94,"column":9}},{"start":{},"end":{}}],"line":92}},"s":{"0":0,"1":0,"2":0,"3":0,"4":0,"5":0,"6":0,"7":0,"8":0,"9":0,"10":0,"11":0,"12":0,"13":0,"14":0,"15":0,"16":0,"17":0,"18":0,"19":0,"20":0,"21":0,"22":0,"23":0,"24":0,"25":0,"26":0,"27":0,"28":0,"29":0,"30":0,"31":0},"f":{"0":0,"1":0,"2":0,"3":0,"4":0,"5":0,"6":0,"7":0,"8":0,"9":0,"10":0,"11":0,"12":0},"b":{"0":[0,0],"1":[0,0],"2":[0,0],"3":[0,0],"4":[0,0]}}
,"/home/runner/work/LastApple/LastApple/LastApple.Web/ClientApp/src/components/Player/StationPlayer.tsx": {"path":"/home/runner/work/LastApple/LastApple/LastApple.Web/ClientApp/src/components/Player/StationPlayer.tsx","statementMap":{"0":{"start":{"line":34,"column":25},"end":{"line":34,"column":38}},"1":{"start":{"line":38,"column":38},"end":{"line":38,"column":40}},"2":{"start":{"line":40,"column":21},"end":{"line":40,"column":22}},"3":{"start":{"line":43,"column":28},"end":{"line":43,"column":33}},"4":{"start":{"line":48,"column":8},"end":{"line":48,"column":21}},"5":{"start":{"line":50,"column":8},"end":{"line":54,"column":10}},"6":{"start":{"line":58,"column":8},"end":{"line":59,"column":19}},"7":{"start":{"line":59,"column":12},"end":{"line":59,"column":19}},"8":{"start":{"line":61,"column":8},"end":{"line":63,"column":9}},"9":{"start":{"line":62,"column":12},"end":{"line":62,"column":19}},"10":{"start":{"line":65,"column":8},"end":{"line":65,"column":28}},"11":{"start":{"line":66,"column":8},"end":{"line":66,"column":32}},"12":{"start":{"line":68,"column":8},"end":{"line":69,"column":52}},"13":{"start":{"line":69,"column":12},"end":{"line":69,"column":52}},"14":{"start":{"line":71,"column":8},"end":{"line":72,"column":62}},"15":{"start":{"line":72,"column":12},"end":{"line":72,"column":62}},"16":{"start":{"line":74,"column":8},"end":{"line":121,"column":9}},"17":{"start":{"line":75,"column":12},"end":{"line":75,"column":39}},"18":{"start":{"line":76,"column":12},"end":{"line":76,"column":45}},"19":{"start":{"line":78,"column":12},"end":{"line":78,"column":57}},"20":{"start":{"line":80,"column":12},"end":{"line":80,"column":50}},"21":{"start":{"line":82,"column":12},"end":{"line":82,"column":133}},"22":{"start":{"line":82,"column":101},"end":{"line":82,"column":132}},"23":{"start":{"line":83,"column":12},"end":{"line":83,"column":101}},"24":{"start":{"line":84,"column":12},"end":{"line":103,"column":15}},"25":{"start":{"line":85,"column":16},"end":{"line":87,"column":17}},"26":{"start":{"line":86,"column":20},"end":{"line":86,"column":27}},"27":{"start":{"line":89,"column":16},"end":{"line":89,"column":82}},"28":{"start":{"line":90,"column":16},"end":{"line":90,"column":51}},"29":{"start":{"line":92,"column":16},"end":{"line":92,"column":60}},"30":{"start":{"line":94,"column":16},"end":{"line":96,"column":17}},"31":{"start":{"line":95,"column":20},"end":{"line":95,"column":57}},"32":{"start":{"line":98,"column":16},"end":{"line":100,"column":17}},"33":{"start":{"line":99,"column":20},"end":{"line":99,"column":33}},"34":{"start":{"line":102,"column":16},"end":{"line":102,"column":81}},"35":{"start":{"line":104,"column":12},"end":{"line":117,"column":15}},"36":{"start":{"line":105,"column":16},"end":{"line":107,"column":17}},"37":{"start":{"line":106,"column":20},"end":{"line":106,"column":27}},"38":{"start":{"line":109,"column":16},"end":{"line":111,"column":17}},"39":{"start":{"line":110,"column":20},"end":{"line":110,"column":27}},"40":{"start":{"line":113,"column":16},"end":{"line":116,"column":17}},"41":{"start":{"line":114,"column":20},"end":{"line":114,"column":42}},"42":{"start":{"line":115,"column":20},"end":{"line":115,"column":54}},"43":{"start":{"line":119,"column":12},"end":{"line":119,"column":72}},"44":{"start":{"line":119,"column":53},"end":{"line":119,"column":70}},"45":{"start":{"line":120,"column":12},"end":{"line":120,"column":72}},"46":{"start":{"line":120,"column":53},"end":{"line":120,"column":70}},"47":{"start":{"line":123,"column":8},"end":{"line":123,"column":73}},"48":{"start":{"line":125,"column":27},"end":{"line":128,"column":23}},"49":{"start":{"line":126,"column":12},"end":{"line":128,"column":23}},"50":{"start":{"line":130,"column":8},"end":{"line":136,"column":9}},"51":{"start":{"line":131,"column":12},"end":{"line":135,"column":13}},"52":{"start":{"line":132,"column":30},"end":{"line":132,"column":126}},"53":{"start":{"line":134,"column":16},"end":{"line":134,"column":64}},"54":{"start":{"line":138,"column":8},"end":{"line":138,"column":49}},"55":{"start":{"line":139,"column":8},"end":{"line":145,"column":9}},"56":{"start":{"line":140,"column":26},"end":{"line":140,"column":44}},"57":{"start":{"line":142,"column":12},"end":{"line":144,"column":13}},"58":{"start":{"line":143,"column":16},"end":{"line":143,"column":34}},"59":{"start":{"line":147,"column":8},"end":{"line":147,"column":49}},"60":{"start":{"line":148,"column":8},"end":{"line":148,"column":32}},"61":{"start":{"line":152,"column":8},"end":{"line":152,"column":34}},"62":{"start":{"line":157,"column":30},"end":{"line":157,"column":62}},"63":{"start":{"line":159,"column":8},"end":{"line":159,"column":72}},"64":{"start":{"line":159,"column":63},"end":{"line":159,"column":67}},"65":{"start":{"line":160,"column":8},"end":{"line":160,"column":49}},"66":{"start":{"line":164,"column":8},"end":{"line":165,"column":30}},"67":{"start":{"line":165,"column":12},"end":{"line":165,"column":30}},"68":{"start":{"line":169,"column":8},"end":{"line":169,"column":26}},"69":{"start":{"line":173,"column":8},"end":{"line":173,"column":45}},"70":{"start":{"line":174,"column":8},"end":{"line":174,"column":68}},"71":{"start":{"line":175,"column":8},"end":{"line":175,"column":71}},"72":{"start":{"line":176,"column":8},"end":{"line":176,"column":69}},"73":{"start":{"line":180,"column":8},"end":{"line":182,"column":21}},"74":{"start":{"line":184,"column":8},"end":{"line":184,"column":41}},"75":{"start":{"line":186,"column":8},"end":{"line":199,"column":11}},"76":{"start":{"line":187,"column":12},"end":{"line":189,"column":13}},"77":{"start":{"line":188,"column":16},"end":{"line":188,"column":23}},"78":{"start":{"line":191,"column":26},"end":{"line":191,"column":47}},"79":{"start":{"line":193,"column":12},"end":{"line":196,"column":13}},"80":{"start":{"line":194,"column":16},"end":{"line":194,"column":47}},"81":{"start":{"line":195,"column":16},"end":{"line":195,"column":23}},"82":{"start":{"line":198,"column":12},"end":{"line":198,"column":42}},"83":{"start":{"line":203,"column":8},"end":{"line":232,"column":9}},"84":{"start":{"line":204,"column":31},"end":{"line":204,"column":71}},"85":{"start":{"line":206,"column":12},"end":{"line":221,"column":13}},"86":{"start":{"line":207,"column":28},"end":{"line":207,"column":134}},"87":{"start":{"line":209,"column":16},"end":{"line":212,"column":17}},"88":{"start":{"line":210,"column":20},"end":{"line":210,"column":81}},"89":{"start":{"line":211,"column":20},"end":{"line":211,"column":27}},"90":{"start":{"line":214,"column":16},"end":{"line":214,"column":69}},"91":{"start":{"line":216,"column":16},"end":{"line":218,"column":17}},"92":{"start":{"line":217,"column":20},"end":{"line":217,"column":38}},"93":{"start":{"line":220,"column":16},"end":{"line":220,"column":23}},"94":{"start":{"line":223,"column":12},"end":{"line":225,"column":13}},"95":{"start":{"line":224,"column":16},"end":{"line":224,"column":38}},"96":{"start":{"line":227,"column":12},"end":{"line":229,"column":13}},"97":{"start":{"line":228,"column":16},"end":{"line":228,"column":23}},"98":{"start":{"line":231,"column":12},"end":{"line":231,"column":93}},"99":{"start":{"line":236,"column":8},"end":{"line":238,"column":9}},"100":{"start":{"line":237,"column":12},"end":{"line":237,"column":19}},"101":{"start":{"line":240,"column":8},"end":{"line":241,"column":19}},"102":{"start":{"line":241,"column":12},"end":{"line":241,"column":19}},"103":{"start":{"line":243,"column":24},"end":{"line":243,"column":91}},"104":{"start":{"line":244,"column":8},"end":{"line":246,"column":9}},"105":{"start":{"line":245,"column":12},"end":{"line":245,"column":50}},"106":{"start":{"line":250,"column":8},"end":{"line":250,"column":123}},"107":{"start":{"line":254,"column":26},"end":{"line":254,"column":113}},"108":{"start":{"line":255,"column":27},"end":{"line":255,"column":56}},"109":{"start":{"line":257,"column":8},"end":{"line":260,"column":9}},"110":{"start":{"line":258,"column":12},"end":{"line":258,"column":46}},"111":{"start":{"line":259,"column":12},"end":{"line":259,"column":106}},"112":{"start":{"line":264,"column":30},"end":{"line":264,"column":58}},"113":{"start":{"line":266,"column":8},"end":{"line":266,"column":56}},"114":{"start":{"line":270,"column":8},"end":{"line":270,"column":125}},"115":{"start":{"line":274,"column":8},"end":{"line":274,"column":89}},"116":{"start":{"line":277,"column":17},"end":{"line":282,"column":5}},"117":{"start":{"line":278,"column":8},"end":{"line":279,"column":34}},"118":{"start":{"line":279,"column":12},"end":{"line":279,"column":34}},"119":{"start":{"line":281,"column":8},"end":{"line":281,"column":49}},"120":{"start":{"line":284,"column":17},"end":{"line":289,"column":5}},"121":{"start":{"line":285,"column":8},"end":{"line":286,"column":34}},"122":{"start":{"line":286,"column":12},"end":{"line":286,"column":34}},"123":{"start":{"line":288,"column":8},"end":{"line":288,"column":45}},"124":{"start":{"line":292,"column":8},"end":{"line":294,"column":9}},"125":{"start":{"line":293,"column":12},"end":{"line":293,"column":50}},"126":{"start":{"line":296,"column":8},"end":{"line":296,"column":17}},"127":{"start":{"line":300,"column":8},"end":{"line":303,"column":19}},"128":{"start":{"line":301,"column":12},"end":{"line":303,"column":19}},"129":{"start":{"line":305,"column":8},"end":{"line":326,"column":15}},"130":{"start":{"line":330,"column":8},"end":{"line":332,"column":40}},"131":{"start":{"line":335,"column":22},"end":{"line":342,"column":5}},"132":{"start":{"line":336,"column":8},"end":{"line":339,"column":9}},"133":{"start":{"line":337,"column":12},"end":{"line":337,"column":34}},"134":{"start":{"line":338,"column":12},"end":{"line":338,"column":19}},"135":{"start":{"line":341,"column":8},"end":{"line":341,"column":26}},"136":{"start":{"line":344,"column":26},"end":{"line":365,"column":5}},"137":{"start":{"line":345,"column":23},"end":{"line":345,"column":61}},"138":{"start":{"line":346,"column":22},"end":{"line":346,"column":47}},"139":{"start":{"line":348,"column":8},"end":{"line":352,"column":9}},"140":{"start":{"line":349,"column":12},"end":{"line":349,"column":41}},"141":{"start":{"line":351,"column":12},"end":{"line":351,"column":19}},"142":{"start":{"line":354,"column":8},"end":{"line":356,"column":9}},"143":{"start":{"line":355,"column":12},"end":{"line":355,"column":34}},"144":{"start":{"line":358,"column":8},"end":{"line":358,"column":57}},"145":{"start":{"line":360,"column":8},"end":{"line":360,"column":47}},"146":{"start":{"line":362,"column":8},"end":{"line":364,"column":9}},"147":{"start":{"line":363,"column":12},"end":{"line":363,"column":31}},"148":{"start":{"line":367,"column":26},"end":{"line":378,"column":5}},"149":{"start":{"line":368,"column":23},"end":{"line":368,"column":64}},"150":{"start":{"line":370,"column":8},"end":{"line":370,"column":48}},"151":{"start":{"line":371,"column":8},"end":{"line":371,"column":61}},"152":{"start":{"line":373,"column":8},"end":{"line":373,"column":69}},"153":{"start":{"line":375,"column":8},"end":{"line":377,"column":9}},"154":{"start":{"line":376,"column":12},"end":{"line":376,"column":31}},"155":{"start":{"line":380,"column":29},"end":{"line":382,"column":5}},"156":{"start":{"line":381,"column":8},"end":{"line":381,"column":51}}},"fnMap":{"0":{"name":"(anonymous_0)","decl":{"start":{"line":47,"column":4},"end":{"line":47,"column":5}},"loc":{"start":{"line":47,"column":37},"end":{"line":55,"column":5}},"line":47},"1":{"name":"(anonymous_1)","decl":{"start":{"line":57,"column":4},"end":{"line":57,"column":5}},"loc":{"start":{"line":57,"column":17},"end":{"line":149,"column":5}},"line":57},"2":{"name":"(anonymous_2)","decl":{"start":{"line":82,"column":45},"end":{"line":82,"column":46}},"loc":{"start":{"line":82,"column":101},"end":{"line":82,"column":132}},"line":82},"3":{"name":"(anonymous_3)","decl":{"start":{"line":84,"column":70},"end":{"line":84,"column":71}},"loc":{"start":{"line":84,"column":131},"end":{"line":103,"column":13}},"line":84},"4":{"name":"(anonymous_4)","decl":{"start":{"line":104,"column":72},"end":{"line":104,"column":73}},"loc":{"start":{"line":104,"column":135},"end":{"line":117,"column":13}},"line":104},"5":{"name":"(anonymous_5)","decl":{"start":{"line":119,"column":47},"end":{"line":119,"column":48}},"loc":{"start":{"line":119,"column":53},"end":{"line":119,"column":70}},"line":119},"6":{"name":"(anonymous_6)","decl":{"start":{"line":120,"column":47},"end":{"line":120,"column":48}},"loc":{"start":{"line":120,"column":53},"end":{"line":120,"column":70}},"line":120},"7":{"name":"(anonymous_7)","decl":{"start":{"line":125,"column":27},"end":{"line":125,"column":28}},"loc":{"start":{"line":126,"column":12},"end":{"line":128,"column":23}},"line":126},"8":{"name":"(anonymous_8)","decl":{"start":{"line":151,"column":4},"end":{"line":151,"column":5}},"loc":{"start":{"line":151,"column":17},"end":{"line":153,"column":5}},"line":151},"9":{"name":"(anonymous_9)","decl":{"start":{"line":155,"column":4},"end":{"line":155,"column":5}},"loc":{"start":{"line":155,"column":56},"end":{"line":161,"column":5}},"line":155},"10":{"name":"(anonymous_10)","decl":{"start":{"line":159,"column":58},"end":{"line":159,"column":59}},"loc":{"start":{"line":159,"column":63},"end":{"line":159,"column":67}},"line":159},"11":{"name":"(anonymous_11)","decl":{"start":{"line":163,"column":4},"end":{"line":163,"column":5}},"loc":{"start":{"line":163,"column":54},"end":{"line":166,"column":5}},"line":163},"12":{"name":"(anonymous_12)","decl":{"start":{"line":168,"column":4},"end":{"line":168,"column":5}},"loc":{"start":{"line":168,"column":30},"end":{"line":170,"column":5}},"line":168},"13":{"name":"(anonymous_13)","decl":{"start":{"line":172,"column":4},"end":{"line":172,"column":5}},"loc":{"start":{"line":172,"column":27},"end":{"line":177,"column":5}},"line":172},"14":{"name":"(anonymous_14)","decl":{"start":{"line":179,"column":4},"end":{"line":179,"column":5}},"loc":{"start":{"line":179,"column":37},"end":{"line":200,"column":5}},"line":179},"15":{"name":"(anonymous_15)","decl":{"start":{"line":186,"column":44},"end":{"line":186,"column":45}},"loc":{"start":{"line":186,"column":108},"end":{"line":199,"column":9}},"line":186},"16":{"name":"(anonymous_16)","decl":{"start":{"line":202,"column":4},"end":{"line":202,"column":5}},"loc":{"start":{"line":202,"column":54},"end":{"line":233,"column":5}},"line":202},"17":{"name":"(anonymous_17)","decl":{"start":{"line":235,"column":4},"end":{"line":235,"column":5}},"loc":{"start":{"line":235,"column":78},"end":{"line":247,"column":5}},"line":235},"18":{"name":"(anonymous_18)","decl":{"start":{"line":249,"column":4},"end":{"line":249,"column":5}},"loc":{"start":{"line":249,"column":30},"end":{"lin
[...]
,"/home/runner/work/LastApple/LastApple/LastApple.Web/ClientApp/src/hooks/useAppleUnauthenticatedWarning.tsx": {"path":"/home/runner/work/LastApple/LastApple/LastApple.Web/ClientApp/src/hooks/useAppleUnauthenticatedWarning.tsx","statementMap":{"0":{"start":{"line":6,"column":46},"end":{"line":23,"column":1}},"1":{"start":{"line":7,"column":25},"end":{"line":7,"column":42}},"2":{"start":{"line":9,"column":20},"end":{"line":12,"column":5}},"3":{"start":{"line":10,"column":14},"end":{"line":10,"column":87}},"4":{"start":{"line":14,"column":20},"end":{"line":17,"column":5}},"5":{"start":{"line":15,"column":14},"end":{"line":15,"column":45}},"6":{"start":{"line":19,"column":4},"end":{"line":22,"column":6}}},"fnMap":{"0":{"name":"(anonymous_0)","decl":{"start":{"line":6,"column":46},"end":{"line":6,"column":47}},"loc":{"start":{"line":6,"column":52},"end":{"line":23,"column":1}},"line":6},"1":{"name":"(anonymous_1)","decl":{"start":{"line":10,"column":8},"end":{"line":10,"column":9}},"loc":{"start":{"line":10,"column":14},"end":{"line":10,"column":87}},"line":10},"2":{"name":"(anonymous_2)","decl":{"start":{"line":15,"column":8},"end":{"line":15,"column":9}},"loc":{"start":{"line":15,"column":14},"end":{"line":15,"column":45}},"line":15}},"branchMap":{},"s":{"0":0,"1":0,"2":0,"3":0,"4":0,"5":0,"6":0},"f":{"0":0,"1":0,"2":0},"b":{}}
,"/home/runner/work/LastApple/LastApple/LastApple.Web/ClientApp/src/hooks/useStartupAppleAuthenticationCheck.ts": {"path":"/home/runner/work/LastApple/LastApple/LastApple.Web/ClientApp/src/hooks/useStartupAppleAuthenticationCheck.ts","statementMap":{"0":{"start":{"line":5,"column":50},"end":{"line":17,"column":1}},"1":{"start":{"line":6,"column":20},"end":{"line":6,"column":37}},"2":{"start":{"line":8,"column":4},"end":{"line":16,"column":6}},"3":{"start":{"line":10,"column":12},"end":{"line":12,"column":16}},"4":{"start":{"line":11,"column":16},"end":{"line":11,"column":61}}},"fnMap":{"0":{"name":"(anonymous_0)","decl":{"start":{"line":5,"column":50},"end":{"line":5,"column":51}},"loc":{"start":{"line":5,"column":56},"end":{"line":17,"column":1}},"line":5},"1":{"name":"(anonymous_1)","decl":{"start":{"line":9,"column":8},"end":{"line":9,"column":9}},"loc":{"start":{"line":9,"column":14},"end":{"line":13,"column":9}},"line":9},"2":{"name":"(anonymous_2)","decl":{"start":{"line":10,"column":13},"end":{"line":10,"column":14}},"loc":{"start":{"line":11,"column":16},"end":{"line":11,"column":61}},"line":11}},"branchMap":{},"s":{"0":0,"1":0,"2":0,"3":0,"4":0},"f":{"0":0,"1":0,"2":0},"b":{}}
,"/home/runner/work/LastApple/LastApple/LastApple.Web/ClientApp/src/hooks/useStartupLastfmAuthenticationCheck.ts": {"path":"/home/runner/work/LastApple/LastApple/LastApple.Web/ClientApp/src/hooks/useStartupLastfmAuthenticationCheck.ts","statementMap":{"0":{"start":{"line":7,"column":51},"end":{"line":27,"column":1}},"1":{"start":{"line":8,"column":20},"end":{"line":8,"column":38}},"2":{"start":{"line":10,"column":4},"end":{"line":26,"column":6}},"3":{"start":{"line":12,"column":12},"end":{"line":22,"column":16}},"4":{"start":{"line":13,"column":16},"end":{"line":13,"column":77}},"5":{"start":{"line":15,"column":30},"end":{"line":15,"column":70}},"6":{"start":{"line":17,"column":16},"end":{"line":19,"column":17}},"7":{"start":{"line":18,"column":20},"end":{"line":18,"column":61}},"8":{"start":{"line":21,"column":16},"end":{"line":21,"column":63}}},"fnMap":{"0":{"name":"(anonymous_0)","decl":{"start":{"line":7,"column":51},"end":{"line":7,"column":52}},"loc":{"start":{"line":7,"column":57},"end":{"line":27,"column":1}},"line":7},"1":{"name":"(anonymous_1)","decl":{"start":{"line":11,"column":8},"end":{"line":11,"column":9}},"loc":{"start":{"line":11,"column":14},"end":{"line":23,"column":9}},"line":11},"2":{"name":"(anonymous_2)","decl":{"start":{"line":12,"column":13},"end":{"line":12,"column":14}},"loc":{"start":{"line":12,"column":25},"end":{"line":22,"column":13}},"line":12}},"branchMap":{"0":{"loc":{"start":{"line":17,"column":16},"end":{"line":19,"column":17}},"type":"if","locations":[{"start":{"line":17,"column":16},"end":{"line":19,"column":17}},{"start":{},"end":{}}],"line":17}},"s":{"0":0,"1":0,"2":0,"3":0,"4":0,"5":0,"6":0,"7":0,"8":0},"f":{"0":0,"1":0,"2":0},"b":{"0":[0,0]}}
,"/home/runner/work/LastApple/LastApple/LastApple.Web/ClientApp/src/lastfm/LastfmAuthService.ts": {"path":"/home/runner/work/LastApple/LastApple/LastApple.Web/ClientApp/src/lastfm/LastfmAuthService.ts","statementMap":{"0":{"start":{"line":5,"column":8},"end":{"line":5,"column":41}},"1":{"start":{"line":9,"column":8},"end":{"line":9,"column":80}},"2":{"start":{"line":13,"column":20},"end":{"line":13,"column":49}},"3":{"start":{"line":14,"column":8},"end":{"line":14,"column":45}},"4":{"start":{"line":18,"column":34},"end":{"line":18,"column":66}},"5":{"start":{"line":19,"column":26},"end":{"line":19,"column":56}},"6":{"start":{"line":21,"column":8},"end":{"line":21,"column":53}},"7":{"start":{"line":23,"column":8},"end":{"line":23,"column":84}},"8":{"start":{"line":27,"column":8},"end":{"line":27,"column":33}},"9":{"start":{"line":31,"column":26},"end":{"line":31,"column":49}}},"fnMap":{"0":{"name":"(anonymous_0)","decl":{"start":{"line":4,"column":4},"end":{"line":4,"column":5}},"loc":{"start":{"line":4,"column":40},"end":{"line":6,"column":5}},"line":4},"1":{"name":"(anonymous_1)","decl":{"start":{"line":8,"column":4},"end":{"line":8,"column":5}},"loc":{"start":{"line":8,"column":32},"end":{"line":10,"column":5}},"line":8},"2":{"name":"(anonymous_2)","decl":{"start":{"line":12,"column":4},"end":{"line":12,"column":5}},"loc":{"start":{"line":12,"column":49},"end":{"line":15,"column":5}},"line":12},"3":{"name":"(anonymous_3)","decl":{"start":{"line":17,"column":4},"end":{"line":17,"column":5}},"loc":{"start":{"line":17,"column":42},"end":{"line":24,"column":5}},"line":17},"4":{"name":"(anonymous_4)","decl":{"start":{"line":26,"column":4},"end":{"line":26,"column":5}},"loc":{"start":{"line":26,"column":26},"end":{"line":28,"column":5}},"line":26}},"branchMap":{},"s":{"0":0,"1":0,"2":0,"3":0,"4":0,"5":0,"6":0,"7":0,"8":0,"9":0},"f":{"0":0,"1":0,"2":0,"3":0,"4":0},"b":{}}
,"/home/runner/work/LastApple/LastApple/LastApple.Web/ClientApp/src/lastfm/LastfmContext.tsx": {"path":"/home/runner/work/LastApple/LastApple/LastApple.Web/ClientApp/src/lastfm/LastfmContext.tsx","statementMap":{"0":{"start":{"line":13,"column":29},"end":{"line":13,"column":87}},"1":{"start":{"line":15,"column":32},"end":{"line":19,"column":1}},"2":{"start":{"line":16,"column":20},"end":{"line":16,"column":51}},"3":{"start":{"line":17,"column":4},"end":{"line":17,"column":31}},"4":{"start":{"line":18,"column":4},"end":{"line":18,"column":19}},"5":{"start":{"line":24,"column":4},"end":{"line":60,"column":5}},"6":{"start":{"line":25,"column":35},"end":{"line":25,"column":99}},"7":{"start":{"line":26,"column":33},"end":{"line":26,"column":83}},"8":{"start":{"line":27,"column":63},"end":{"line":27,"column":92}},"9":{"start":{"line":29,"column":25},"end":{"line":32,"column":9}},"10":{"start":{"line":30,"column":44},"end":{"line":30,"column":60}},"11":{"start":{"line":34,"column":24},"end":{"line":37,"column":9}},"12":{"start":{"line":35,"column":48},"end":{"line":35,"column":63}},"13":{"start":{"line":39,"column":39},"end":{"line":42,"column":9}},"14":{"start":{"line":40,"column":32},"end":{"line":40,"column":62}},"15":{"start":{"line":44,"column":22},"end":{"line":53,"column":9}},"16":{"start":{"line":55,"column":8},"end":{"line":59,"column":10}}},"fnMap":{"0":{"name":"(anonymous_0)","decl":{"start":{"line":15,"column":32},"end":{"line":15,"column":33}},"loc":{"start":{"line":15,"column":38},"end":{"line":19,"column":1}},"line":15},"1":{"name":"(anonymous_1)","decl":{"start":{"line":24,"column":4},"end":{"line":24,"column":5}},"loc":{"start":{"line":24,"column":69},"end":{"line":60,"column":5}},"line":24},"2":{"name":"(anonymous_2)","decl":{"start":{"line":30,"column":12},"end":{"line":30,"column":13}},"loc":{"start":{"line":30,"column":44},"end":{"line":30,"column":60}},"line":30},"3":{"name":"(anonymous_3)","decl":{"start":{"line":35,"column":12},"end":{"line":35,"column":13}},"loc":{"start":{"line":35,"column":48},"end":{"line":35,"column":63}},"line":35},"4":{"name":"(anonymous_4)","decl":{"start":{"line":40,"column":12},"end":{"line":40,"column":13}},"loc":{"start":{"line":40,"column":32},"end":{"line":40,"column":62}},"line":40}},"branchMap":{},"s":{"0":0,"1":0,"2":0,"3":0,"4":0,"5":0,"6":0,"7":0,"8":0,"9":0,"10":0,"11":0,"12":0,"13":0,"14":0,"15":0,"16":0},"f":{"0":0,"1":0,"2":0,"3":0,"4":0},"b":{}}
,"/home/runner/work/LastApple/LastApple/LastApple.Web/ClientApp/src/lastfm/lastfmAuthentication.ts": {"path":"/home/runner/work/LastApple/LastApple/LastApple.Web/ClientApp/src/lastfm/lastfmAuthentication.ts","statementMap":{"0":{"start":{"line":13,"column":4},"end":{"line":13,"column":62}},"1":{"start":{"line":15,"column":17},"end":{"line":15,"column":63}},"2":{"start":{"line":17,"column":4},"end":{"line":21,"column":5}},"3":{"start":{"line":18,"column":8},"end":{"line":18,"column":47}},"4":{"start":{"line":19,"column":8},"end":{"line":19,"column":74}},"5":{"start":{"line":20,"column":8},"end":{"line":20,"column":15}},"6":{"start":{"line":23,"column":4},"end":{"line":23,"column":37}},"7":{"start":{"line":24,"column":4},"end":{"line":24,"column":43}},"8":{"start":{"line":25,"column":4},"end":{"line":25,"column":70}},"9":{"start":{"line":29,"column":4},"end":{"line":29,"column":62}},"10":{"start":{"line":31,"column":23},"end":{"line":31,"column":69}},"11":{"start":{"line":33,"column":4},"end":{"line":36,"column":5}},"12":{"start":{"line":34,"column":8},"end":{"line":34,"column":72}},"13":{"start":{"line":35,"column":8},"end":{"line":35,"column":15}},"14":{"start":{"line":38,"column":4},"end":{"line":38,"column":43}},"15":{"start":{"line":39,"column":22},"end":{"line":39,"column":68}},"16":{"start":{"line":41,"column":35},"end":{"line":43,"column":45}},"17":{"start":{"line":45,"column":4},"end":{"line":49,"column":5}},"18":{"start":{"line":46,"column":8},"end":{"line":46,"column":47}},"19":{"start":{"line":48,"column":8},"end":{"line":48,"column":47}},"20":{"start":{"line":51,"column":4},"end":{"line":51,"column":57}},"21":{"start":{"line":55,"column":4},"end":{"line":55,"column":62}},"22":{"start":{"line":57,"column":17},"end":{"line":57,"column":63}},"23":{"start":{"line":59,"column":35},"end":{"line":61,"column":45}},"24":{"start":{"line":63,"column":4},"end":{"line":67,"column":5}},"25":{"start":{"line":64,"column":8},"end":{"line":64,"column":42}},"26":{"start":{"line":66,"column":8},"end":{"line":66,"column":47}},"27":{"start":{"line":69,"column":4},"end":{"line":69,"column":57}}},"fnMap":{"0":{"name":"logoutLastfm","decl":{"start":{"line":12,"column":22},"end":{"line":12,"column":34}},"loc":{"start":{"line":12,"column":99},"end":{"line":26,"column":1}},"line":12},"1":{"name":"loginLastfm","decl":{"start":{"line":28,"column":22},"end":{"line":28,"column":33}},"loc":{"start":{"line":28,"column":98},"end":{"line":52,"column":1}},"line":28},"2":{"name":"checkLastfmLogin","decl":{"start":{"line":54,"column":22},"end":{"line":54,"column":38}},"loc":{"start":{"line":54,"column":103},"end":{"line":70,"column":1}},"line":54}},"branchMap":{"0":{"loc":{"start":{"line":17,"column":4},"end":{"line":21,"column":5}},"type":"if","locations":[{"start":{"line":17,"column":4},"end":{"line":21,"column":5}},{"start":{},"end":{}}],"line":17},"1":{"loc":{"start":{"line":33,"column":4},"end":{"line":36,"column":5}},"type":"if","locations":[{"start":{"line":33,"column":4},"end":{"line":36,"column":5}},{"start":{},"end":{}}],"line":33},"2":{"loc":{"start":{"line":41,"column":35},"end":{"line":43,"column":45}},"type":"cond-expr","locations":[{"start":{"line":42,"column":10},"end":{"line":42,"column":43}},{"start":{"line":43,"column":10},"end":{"line":43,"column":45}}],"line":41},"3":{"loc":{"start":{"line":45,"column":4},"end":{"line":49,"column":5}},"type":"if","locations":[{"start":{"line":45,"column":4},"end":{"line":49,"column":5}},{"start":{"line":47,"column":11},"end":{"line":49,"column":5}}],"line":45},"4":{"loc":{"start":{"line":59,"column":35},"end":{"line":61,"column":45}},"type":"cond-expr","locations":[{"start":{"line":60,"column":10},"end":{"line":60,"column":43}},{"start":{"line":61,"column":10},"end":{"line":61,"column":45}}],"line":59},"5":{"loc":{"start":{"line":63,"column":4},"end":{"line":67,"column":5}},"type":"if","locations":[{"start":{"line":63,"column":4},"end":{"line":67,"column":5}},{"start":{"line":65,"column":11},"end":{"line":67,"column":5}}],"line":63}},"s":{"0":0,"1":0,"2":0,"3":0,"4":0,"5":0,"6":0,"7":0,"8":0,"9":0,"10":0,"11":0,"12":0,"13":0,"14":0,"15":0,"16":0,"17":0,"18":0,"19":0,"20":0,"21":0,"22":0,"23":0,"24":0,"25":0,"26":0,"27":0},"f":{"0":0,"1":0,"2":0},"b":{"0":[0,0],"1":[0,0],"2":[0,0],"3":[0,0],"4":[0,0],"5":[0,0]}}
,"/home/runner/work/LastApple/LastApple/LastApple.Web/ClientApp/src/restClients/AppleMusicApi.ts": {"path":"/home/runner/work/LastApple/LastApple/LastApple.Web/ClientApp/src/restClients/AppleMusicApi.ts","statementMap":{"0":{"start":{"line":11,"column":30},"end":{"line":11,"column":95}},"1":{"start":{"line":13,"column":8},"end":{"line":13,"column":42}},"2":{"start":{"line":17,"column":25},"end":{"line":17,"column":154}},"3":{"start":{"line":19,"column":8},"end":{"line":19,"column":37}},"4":{"start":{"line":23,"column":25},"end":{"line":30,"column":10}},"5":{"start":{"line":32,"column":8},"end":{"line":32,"column":37}},"6":{"start":{"line":36,"column":8},"end":{"line":39,"column":11}},"7":{"start":{"line":43,"column":22},"end":{"line":43,"column":41}}},"fnMap":{"0":{"name":"(anonymous_0)","decl":{"start":{"line":10,"column":4},"end":{"line":10,"column":5}},"loc":{"start":{"line":10,"column":47},"end":{"line":14,"column":5}},"line":10},"1":{"name":"(anonymous_1)","decl":{"start":{"line":16,"column":4},"end":{"line":16,"column":5}},"loc":{"start":{"line":16,"column":50},"end":{"line":20,"column":5}},"line":16},"2":{"name":"(anonymous_2)","decl":{"start":{"line":22,"column":4},"end":{"line":22,"column":5}},"loc":{"start":{"line":22,"column":69},"end":{"line":33,"column":5}},"line":22},"3":{"name":"(anonymous_3)","decl":{"start":{"line":35,"column":4},"end":{"line":35,"column":5}},"loc":{"start":{"line":35,"column":45},"end":{"line":40,"column":5}},"line":35}},"branchMap":{},"s":{"0":0,"1":0,"2":0,"3":0,"4":0,"5":0,"6":0,"7":0},"f":{"0":0,"1":0,"2":0,"3":0},"b":{}}
,"/home/runner/work/LastApple/LastApple/LastApple.Web/ClientApp/src/restClients/LastfmApi.ts": {"path":"/home/runner/work/LastApple/LastApple/LastApple.Web/ClientApp/src/restClients/LastfmApi.ts","statementMap":{"0":{"start":{"line":11,"column":27},"end":{"line":11,"column":58}},"1":{"start":{"line":12,"column":32},"end":{"line":12,"column":109}},"2":{"start":{"line":14,"column":8},"end":{"line":14,"column":44}},"3":{"start":{"line":18,"column":28},"end":{"line":18,"column":107}},"4":{"start":{"line":20,"column":8},"end":{"line":20,"column":40}},"5":{"start":{"line":24,"column":8},"end":{"line":24,"column":165}},"6":{"start":{"line":28,"column":8},"end":{"line":28,"column":152}},"7":{"start":{"line":32,"column":29},"end":{"line":32,"column":152}},"8":{"start":{"line":33,"column":8},"end":{"line":33,"column":41}},"9":{"start":{"line":37,"column":8},"end":{"line":37,"column":179}},"10":{"start":{"line":41,"column":8},"end":{"line":41,"column":177}},"11":{"start":{"line":45,"column":18},"end":{"line":45,"column":33}}},"fnMap":{"0":{"name":"(anonymous_0)","decl":{"start":{"line":10,"column":4},"end":{"line":10,"column":5}},"loc":{"start":{"line":10,"column":42},"end":{"line":15,"column":5}},"line":10},"1":{"name":"(anonymous_1)","decl":{"start":{"line":17,"column":4},"end":{"line":17,"column":5}},"loc":{"start":{"line":17,"column":43},"end":{"line":21,"column":5}},"line":17},"2":{"name":"(anonymous_2)","decl":{"start":{"line":23,"column":4},"end":{"line":23,"column":5}},"loc":{"start":{"line":23,"column":35},"end":{"line":25,"column":5}},"line":23},"3":{"name":"(anonymous_3)","decl":{"start":{"line":27,"column":4},"end":{"line":27,"column":5}},"loc":{"start":{"line":27,"column":19},"end":{"line":29,"column":5}},"line":27},"4":{"name":"(anonymous_4)","decl":{"start":{"line":31,"column":4},"end":{"line":31,"column":5}},"loc":{"start":{"line":31,"column":42},"end":{"line":34,"column":5}},"line":31},"5":{"name":"(anonymous_5)","decl":{"start":{"line":36,"column":4},"end":{"line":36,"column":5}},"loc":{"start":{"line":36,"column":55},"end":{"line":38,"column":5}},"line":36},"6":{"name":"(anonymous_6)","decl":{"start":{"line":40,"column":4},"end":{"line":40,"column":5}},"loc":{"start":{"line":40,"column":53},"end":{"line":42,"column":5}},"line":40}},"branchMap":{},"s":{"0":0,"1":0,"2":0,"3":0,"4":0,"5":0,"6":0,"7":0,"8":0,"9":0,"10":0,"11":0},"f":{"0":0,"1":0,"2":0,"3":0,"4":0,"5":0,"6":0},"b":{}}
,"/home/runner/work/LastApple/LastApple/LastApple.Web/ClientApp/src/restClients/StationApi.ts": {"path":"/home/runner/work/LastApple/LastApple/LastApple.Web/ClientApp/src/restClients/StationApi.ts","statementMap":{"0":{"start":{"line":18,"column":32},"end":{"line":18,"column":92}},"1":{"start":{"line":20,"column":8},"end":{"line":20,"column":44}},"2":{"start":{"line":24,"column":28},"end":{"line":24,"column":188}},"3":{"start":{"line":26,"column":8},"end":{"line":26,"column":40}},"4":{"start":{"line":30,"column":8},"end":{"line":30,"column":119}},"5":{"start":{"line":34,"column":8},"end":{"line":34,"column":133}},"6":{"start":{"line":38,"column":19},"end":{"line":38,"column":35}}},"fnMap":{"0":{"name":"(anonymous_0)","decl":{"start":{"line":17,"column":4},"end":{"line":17,"column":5}},"loc":{"start":{"line":17,"column":59},"end":{"line":21,"column":5}},"line":17},"1":{"name":"(anonymous_1)","decl":{"start":{"line":23,"column":4},"end":{"line":23,"column":5}},"loc":{"start":{"line":23,"column":83},"end":{"line":27,"column":5}},"line":23},"2":{"name":"(anonymous_2)","decl":{"start":{"line":29,"column":4},"end":{"line":29,"column":5}},"loc":{"start":{"line":29,"column":71},"end":{"line":31,"column":5}},"line":29},"3":{"name":"(anonymous_3)","decl":{"start":{"line":33,"column":4},"end":{"line":33,"column":5}},"loc":{"start":{"line":33,"column":74},"end":{"line":35,"column":5}},"line":33}},"branchMap":{},"s":{"0":0,"1":0,"2":0,"3":0,"4":0,"5":0,"6":0},"f":{"0":0,"1":0,"2":0,"3":0},"b":{}}
,"/home/runner/work/LastApple/LastApple/LastApple.Web/ClientApp/src/utils/mics.ts": {"path":"/home/runner/work/LastApple/LastApple/LastApple.Web/ClientApp/src/utils/mics.ts","statementMap":{"0":{"start":{"line":2,"column":4},"end":{"line":4,"column":5}},"1":{"start":{"line":3,"column":8},"end":{"line":3,"column":73}}},"fnMap":{"0":{"name":"assertNonNullable","decl":{"start":{"line":1,"column":16},"end":{"line":1,"column":33}},"loc":{"start":{"line":1,"column":80},"end":{"line":5,"column":1}},"line":1}},"branchMap":{"0":{"loc":{"start":{"line":2,"column":4},"end":{"line":4,"column":5}},"type":"if","locations":[{"start":{"line":2,"column":4},"end":{"line":4,"column":5}},{"start":{},"end":{}}],"line":2},"1":{"loc":{"start":{"line":2,"column":8},"end":{"line":2,"column":45}},"type":"binary-expr","locations":[{"start":{"line":2,"column":8},"end":{"line":2,"column":22}},{"start":{"line":2,"column":26},"end":{"line":2,"column":45}}],"line":2}},"s":{"0":0,"1":0},"f":{"0":0},"b":{"0":[0,0],"1":[0,0]}}
}
